<?xml version="1.0" encoding="UTF-8"?>
<!-- Generated by org.testng.reporters.JUnitReportReporter -->
<testsuite hostname="DESKTOP-EMOQPA6" failures="0" tests="9" name="com.ciranet.community.information.testcases.CommonLotsPageTest" time="0.005" errors="0" timestamp="2024-11-18T16:45:46 IST" skipped="9">
  <testcase classname="com.ciranet.community.information.testcases.CommonLotsPageTest" name="verifyCommonLots" time="0.003">
    <skipped/>
  </testcase> <!-- verifyCommonLots -->
  <system-out/>
  <testcase classname="com.ciranet.community.information.testcases.CommonLotsPageTest" name="verifyToolBarFullScreen" time="0.000">
    <skipped/>
  </testcase> <!-- verifyToolBarFullScreen -->
  <system-out/>
  <testcase classname="com.ciranet.community.information.testcases.CommonLotsPageTest" name="verifyCommonLotActions" time="0.000">
    <skipped/>
  </testcase> <!-- verifyCommonLotActions -->
  <system-out/>
  <testcase classname="com.ciranet.community.information.testcases.CommonLotsPageTest" name="verifyCommonLotsNotes" time="0.000">
    <skipped/>
  </testcase> <!-- verifyCommonLotsNotes -->
  <system-out/>
  <testcase classname="com.ciranet.community.information.testcases.CommonLotsPageTest" name="verifyCategoryGrid" time="0.000">
    <skipped/>
  </testcase> <!-- verifyCategoryGrid -->
  <system-out/>
  <testcase classname="com.ciranet.community.information.testcases.CommonLotsPageTest" name="verifyPTAReceivedTab" time="0.000">
    <skipped/>
  </testcase> <!-- verifyPTAReceivedTab -->
  <system-out/>
  <testcase classname="com.ciranet.community.information.testcases.CommonLotsPageTest" name="verifyPTANotReceivedTab" time="0.000">
    <skipped/>
  </testcase> <!-- verifyPTANotReceivedTab -->
  <system-out/>
  <testcase classname="com.ciranet.community.information.testcases.CommonLotsPageTest" name="verifyPropertyTaxesPaidTab" time="0.002">
    <skipped/>
  </testcase> <!-- verifyPropertyTaxesPaidTab -->
  <system-out/>
  <testcase classname="com.ciranet.community.information.testcases.CommonLotsPageTest" name="verifyAddNewCommonLot" time="0.000">
    <skipped/>
  </testcase> <!-- verifyAddNewCommonLot -->
  <system-out/>
</testsuite> <!-- com.ciranet.community.information.testcases.CommonLotsPageTest -->
