<?xml version="1.0" encoding="UTF-8"?>
<!-- Generated by org.testng.reporters.JUnitReportReporter -->
<testsuite hostname="DESKTOP-EMOQPA6" failures="0" tests="13" name="com.ciranet.configurations.testcases.CommunityPageTest" time="0.000" errors="0" timestamp="2024-11-18T16:45:46 IST" skipped="13">
  <testcase classname="com.ciranet.configurations.testcases.CommunityPageTest" name="verifyConfigurationsMenu" time="0.000">
    <skipped/>
  </testcase> <!-- verifyConfigurationsMenu -->
  <system-out/>
  <testcase classname="com.ciranet.configurations.testcases.CommunityPageTest" name="verifyNavigateToCommunityConfigurations" time="0.000">
    <skipped/>
  </testcase> <!-- verifyNavigateToCommunityConfigurations -->
  <system-out/>
  <testcase classname="com.ciranet.configurations.testcases.CommunityPageTest" name="verifyAmenityDropdown" time="0.000">
    <skipped/>
  </testcase> <!-- verifyAmenityDropdown -->
  <system-out/>
  <testcase classname="com.ciranet.configurations.testcases.CommunityPageTest" name="verifyBoardApprovalDropdown" time="0.000">
    <skipped/>
  </testcase> <!-- verifyBoardApprovalDropdown -->
  <system-out/>
  <testcase classname="com.ciranet.configurations.testcases.CommunityPageTest" name="verifyCollectionLettersDropdown" time="0.000">
    <skipped/>
  </testcase> <!-- verifyCollectionLettersDropdown -->
  <system-out/>
  <testcase classname="com.ciranet.configurations.testcases.CommunityPageTest" name="verifyCommunityConfigurationDropdown" time="0.000">
    <skipped/>
  </testcase> <!-- verifyCommunityConfigurationDropdown -->
  <system-out/>
  <testcase classname="com.ciranet.configurations.testcases.CommunityPageTest" name="verifyFullfilmentJobSpecialPricingDropdown" time="0.000">
    <skipped/>
  </testcase> <!-- verifyFullfilmentJobSpecialPricingDropdown -->
  <system-out/>
  <testcase classname="com.ciranet.configurations.testcases.CommunityPageTest" name="verifyHolidayDropdown" time="0.000">
    <skipped/>
  </testcase> <!-- verifyHolidayDropdown -->
  <system-out/>
  <testcase classname="com.ciranet.configurations.testcases.CommunityPageTest" name="verifyInfo" time="0.000">
    <skipped/>
  </testcase> <!-- verifyInfo -->
  <system-out/>
  <testcase classname="com.ciranet.configurations.testcases.CommunityPageTest" name="verifyMassCommunicationConfiguration" time="0.000">
    <skipped/>
  </testcase> <!-- verifyMassCommunicationConfiguration -->
  <system-out/>
  <testcase classname="com.ciranet.configurations.testcases.CommunityPageTest" name="verifyNotes" time="0.000">
    <skipped/>
  </testcase> <!-- verifyNotes -->
  <system-out/>
  <testcase classname="com.ciranet.configurations.testcases.CommunityPageTest" name="verifyOnwerFees" time="0.000">
    <skipped/>
  </testcase> <!-- verifyOnwerFees -->
  <system-out/>
  <testcase classname="com.ciranet.configurations.testcases.CommunityPageTest" name="verifyPrintingProvider" time="0.000">
    <skipped/>
  </testcase> <!-- verifyPrintingProvider -->
  <system-out/>
</testsuite> <!-- com.ciranet.configurations.testcases.CommunityPageTest -->
