<?xml version="1.0" encoding="UTF-8"?>
<!-- Generated by org.testng.reporters.JUnitReportReporter -->
<testsuite hostname="DESKTOP-EMOQPA6" failures="0" tests="10" name="com.ciranet.myworkqueue.receivableslockbox.testcases.StatementApprovalQueuePageTest" time="0.000" errors="0" timestamp="2024-11-18T16:45:46 IST" skipped="10">
  <testcase classname="com.ciranet.myworkqueue.receivableslockbox.testcases.StatementApprovalQueuePageTest" name="verifyStatementApprovalQueueURL" time="0.000">
    <skipped/>
  </testcase> <!-- verifyStatementApprovalQueueURL -->
  <system-out/>
  <testcase classname="com.ciranet.myworkqueue.receivableslockbox.testcases.StatementApprovalQueuePageTest" name="verifyStatementApprovalQueueMenu" time="0.000">
    <skipped/>
  </testcase> <!-- verifyStatementApprovalQueueMenu -->
  <system-out/>
  <testcase classname="com.ciranet.myworkqueue.receivableslockbox.testcases.StatementApprovalQueuePageTest" name="verifySearchApprovalsTab" time="0.000">
    <skipped/>
  </testcase> <!-- verifySearchApprovalsTab -->
  <system-out/>
  <testcase classname="com.ciranet.myworkqueue.receivableslockbox.testcases.StatementApprovalQueuePageTest" name="VerifyToolBarFullScreen" time="0.000">
    <skipped/>
  </testcase> <!-- VerifyToolBarFullScreen -->
  <system-out/>
  <testcase classname="com.ciranet.myworkqueue.receivableslockbox.testcases.StatementApprovalQueuePageTest" name="verifyDateFields" time="0.000">
    <skipped/>
  </testcase> <!-- verifyDateFields -->
  <system-out/>
  <testcase classname="com.ciranet.myworkqueue.receivableslockbox.testcases.StatementApprovalQueuePageTest" name="verifyLogsColumn" time="0.000">
    <skipped/>
  </testcase> <!-- verifyLogsColumn -->
  <system-out/>
  <testcase classname="com.ciranet.myworkqueue.receivableslockbox.testcases.StatementApprovalQueuePageTest" name="verifyStatementColumn" time="0.000">
    <skipped/>
  </testcase> <!-- verifyStatementColumn -->
  <system-out/>
  <testcase classname="com.ciranet.myworkqueue.receivableslockbox.testcases.StatementApprovalQueuePageTest" name="verifyLocationSearch" time="0.000">
    <skipped/>
  </testcase> <!-- verifyLocationSearch -->
  <system-out/>
  <testcase classname="com.ciranet.myworkqueue.receivableslockbox.testcases.StatementApprovalQueuePageTest" name="verifyRunIDClick" time="0.000">
    <skipped/>
  </testcase> <!-- verifyRunIDClick -->
  <system-out/>
  <testcase classname="com.ciranet.myworkqueue.receivableslockbox.testcases.StatementApprovalQueuePageTest" name="verifyStatementRunsTab" time="0.000">
    <skipped/>
  </testcase> <!-- verifyStatementRunsTab -->
  <system-out/>
</testsuite> <!-- com.ciranet.myworkqueue.receivableslockbox.testcases.StatementApprovalQueuePageTest -->
