<?xml version="1.0" encoding="UTF-8"?>
<!-- Generated by org.testng.reporters.JUnitReportReporter -->
<testsuite hostname="DESKTOP-EMOQPA6" failures="0" tests="1" name="com.ciranet.myportfolio.revenuemanagement.testcases.BillingItemManagementPageTest" time="0.000" errors="0" timestamp="2024-11-18T16:45:46 IST" skipped="1">
  <testcase classname="com.ciranet.myportfolio.revenuemanagement.testcases.BillingItemManagementPageTest" name="VerifybillingItemManagementURL" time="0.000">
    <skipped/>
  </testcase> <!-- VerifybillingItemManagementURL -->
  <system-out/>
</testsuite> <!-- com.ciranet.myportfolio.revenuemanagement.testcases.BillingItemManagementPageTest -->
