<?xml version="1.0" encoding="UTF-8"?>
<!-- Generated by org.testng.reporters.JUnitReportReporter -->
<testsuite hostname="DESKTOP-EMOQPA6" failures="0" tests="5" name="com.ciranet.community.compliance.testcases.OpenViolationsLogPageTest" time="0.000" errors="0" timestamp="2024-11-18T16:45:46 IST" skipped="5">
  <testcase classname="com.ciranet.community.compliance.testcases.OpenViolationsLogPageTest" name="verifyOpenViolationsLogPage" time="0.000">
    <skipped/>
  </testcase> <!-- verifyOpenViolationsLogPage -->
  <system-out/>
  <testcase classname="com.ciranet.community.compliance.testcases.OpenViolationsLogPageTest" name="verifyLogDetails" time="0.000">
    <skipped/>
  </testcase> <!-- verifyLogDetails -->
  <system-out/>
  <testcase classname="com.ciranet.community.compliance.testcases.OpenViolationsLogPageTest" name="verifyViolationHistory" time="0.000">
    <skipped/>
  </testcase> <!-- verifyViolationHistory -->
  <system-out/>
  <testcase classname="com.ciranet.community.compliance.testcases.OpenViolationsLogPageTest" name="verifyHistoryImage" time="0.000">
    <skipped/>
  </testcase> <!-- verifyHistoryImage -->
  <system-out/>
  <testcase classname="com.ciranet.community.compliance.testcases.OpenViolationsLogPageTest" name="verifyCloseButtons" time="0.000">
    <skipped/>
  </testcase> <!-- verifyCloseButtons -->
  <system-out/>
</testsuite> <!-- com.ciranet.community.compliance.testcases.OpenViolationsLogPageTest -->
