<?xml version="1.0" encoding="UTF-8"?>
<!-- Generated by org.testng.reporters.JUnitReportReporter -->
<testsuite hostname="DESKTOP-EMOQPA6" failures="0" tests="9" name="com.ciranet.myworkqueue.disclosureprocessing.testcases.CommunityBlocksPageTest" time="0.000" errors="0" timestamp="2024-11-18T16:45:46 IST" skipped="9">
  <testcase classname="com.ciranet.myworkqueue.disclosureprocessing.testcases.CommunityBlocksPageTest" name="verifyCommunityBlocks" time="0.000">
    <skipped/>
  </testcase> <!-- verifyCommunityBlocks -->
  <system-out/>
  <testcase classname="com.ciranet.myworkqueue.disclosureprocessing.testcases.CommunityBlocksPageTest" name="verifyColumnChooserClick" time="0.000">
    <skipped/>
  </testcase> <!-- verifyColumnChooserClick -->
  <system-out/>
  <testcase classname="com.ciranet.myworkqueue.disclosureprocessing.testcases.CommunityBlocksPageTest" name="verifyToolBarFullScreen" time="0.000">
    <skipped/>
  </testcase> <!-- verifyToolBarFullScreen -->
  <system-out/>
  <testcase classname="com.ciranet.myworkqueue.disclosureprocessing.testcases.CommunityBlocksPageTest" name="verifyExportToExcelDownload" time="0.000">
    <skipped/>
  </testcase> <!-- verifyExportToExcelDownload -->
  <system-out/>
  <testcase classname="com.ciranet.myworkqueue.disclosureprocessing.testcases.CommunityBlocksPageTest" name="verifySwitchingTabs" time="0.000">
    <skipped/>
  </testcase> <!-- verifySwitchingTabs -->
  <system-out/>
  <testcase classname="com.ciranet.myworkqueue.disclosureprocessing.testcases.CommunityBlocksPageTest" name="verifyAddBlock" time="0.000">
    <skipped/>
  </testcase> <!-- verifyAddBlock -->
  <system-out/>
  <testcase classname="com.ciranet.myworkqueue.disclosureprocessing.testcases.CommunityBlocksPageTest" name="verifyActiveEditButtonOption" time="0.000">
    <skipped/>
  </testcase> <!-- verifyActiveEditButtonOption -->
  <system-out/>
  <testcase classname="com.ciranet.myworkqueue.disclosureprocessing.testcases.CommunityBlocksPageTest" name="verifyExpiredEditButtonoption" time="0.000">
    <skipped/>
  </testcase> <!-- verifyExpiredEditButtonoption -->
  <system-out/>
  <testcase classname="com.ciranet.myworkqueue.disclosureprocessing.testcases.CommunityBlocksPageTest" name="verifyCommunityFilterOption" time="0.000">
    <skipped/>
  </testcase> <!-- verifyCommunityFilterOption -->
  <system-out/>
</testsuite> <!-- com.ciranet.myworkqueue.disclosureprocessing.testcases.CommunityBlocksPageTest -->
