<?xml version="1.0" encoding="UTF-8"?>
<!-- Generated by org.testng.reporters.JUnitReportReporter -->
<testsuite hostname="DESKTOP-EMOQPA6" failures="0" tests="2" name="com.ciranet.corporatecirabooks.accountsreceivable.testcases.NewARPaymentPageTest" time="0.000" errors="0" timestamp="2024-11-18T16:45:46 IST" skipped="2">
  <testcase classname="com.ciranet.corporatecirabooks.accountsreceivable.testcases.NewARPaymentPageTest" name="verifyNewARPayment" time="0.000">
    <skipped/>
  </testcase> <!-- verifyNewARPayment -->
  <system-out/>
  <testcase classname="com.ciranet.corporatecirabooks.accountsreceivable.testcases.NewARPaymentPageTest" name="verifyCreateAR" time="0.000">
    <skipped/>
  </testcase> <!-- verifyCreateAR -->
  <system-out/>
</testsuite> <!-- com.ciranet.corporatecirabooks.accountsreceivable.testcases.NewARPaymentPageTest -->
