<?xml version="1.0" encoding="UTF-8"?>
<!-- Generated by org.testng.reporters.JUnitReportReporter -->
<testsuite hostname="DESKTOP-EMOQPA6" failures="0" tests="7" name="com.ciranet.configurations.testcases.ClosingPortalPageTest" time="0.001" errors="0" timestamp="2024-11-18T16:45:46 IST" skipped="7">
  <testcase classname="com.ciranet.configurations.testcases.ClosingPortalPageTest" name="verifyConfigurationsMenu" time="0.001">
    <skipped/>
  </testcase> <!-- verifyConfigurationsMenu -->
  <system-out/>
  <testcase classname="com.ciranet.configurations.testcases.ClosingPortalPageTest" name="verifyNavigateToclosingPortal" time="0.000">
    <skipped/>
  </testcase> <!-- verifyNavigateToclosingPortal -->
  <system-out/>
  <testcase classname="com.ciranet.configurations.testcases.ClosingPortalPageTest" name="verifyFirstDropdown" time="0.000">
    <skipped/>
  </testcase> <!-- verifyFirstDropdown -->
  <system-out/>
  <testcase classname="com.ciranet.configurations.testcases.ClosingPortalPageTest" name="verifySelectSecondDropdown" time="0.000">
    <skipped/>
  </testcase> <!-- verifySelectSecondDropdown -->
  <system-out/>
  <testcase classname="com.ciranet.configurations.testcases.ClosingPortalPageTest" name="verifySelectThirdDropdown" time="0.000">
    <skipped/>
  </testcase> <!-- verifySelectThirdDropdown -->
  <system-out/>
  <testcase classname="com.ciranet.configurations.testcases.ClosingPortalPageTest" name="verifySelectFourthDropdown" time="0.000">
    <skipped/>
  </testcase> <!-- verifySelectFourthDropdown -->
  <system-out/>
  <testcase classname="com.ciranet.configurations.testcases.ClosingPortalPageTest" name="verifynewtierbutton" time="0.000">
    <skipped/>
  </testcase> <!-- verifynewtierbutton -->
  <system-out/>
</testsuite> <!-- com.ciranet.configurations.testcases.ClosingPortalPageTest -->
