<?xml version="1.0" encoding="UTF-8"?>
<!-- Generated by org.testng.reporters.JUnitReportReporter -->
<testsuite hostname="DESKTOP-EMOQPA6" failures="0" tests="2" name="com.ciranet.community.communications.testcases.CommunicationLogsPageTest" time="0.002" errors="0" timestamp="2024-11-18T16:45:46 IST" skipped="2">
  <testcase classname="com.ciranet.community.communications.testcases.CommunicationLogsPageTest" name="verifyCommunicationLogsMenu" time="0.000">
    <skipped/>
  </testcase> <!-- verifyCommunicationLogsMenu -->
  <system-out/>
  <testcase classname="com.ciranet.community.communications.testcases.CommunicationLogsPageTest" name="verifyCommunicationLogsInPastdays" time="0.002">
    <skipped/>
  </testcase> <!-- verifyCommunicationLogsInPastdays -->
  <system-out/>
</testsuite> <!-- com.ciranet.community.communications.testcases.CommunicationLogsPageTest -->
