<?xml version="1.0" encoding="UTF-8"?>
<!-- Generated by org.testng.reporters.JUnitReportReporter -->
<testsuite hostname="DESKTOP-EMOQPA6" failures="0" tests="10" name="com.ciranet.myworkqueue.disclosureprocessing.testcases.ClosingRequestsPageTest" time="0.001" errors="0" timestamp="2024-11-18T16:45:46 IST" skipped="10">
  <testcase classname="com.ciranet.myworkqueue.disclosureprocessing.testcases.ClosingRequestsPageTest" name="verifyclosingRequeststURL" time="0.000">
    <skipped/>
  </testcase> <!-- verifyclosingRequeststURL -->
  <system-out/>
  <testcase classname="com.ciranet.myworkqueue.disclosureprocessing.testcases.ClosingRequestsPageTest" name="verifyToolBarFullScreen" time="0.000">
    <skipped/>
  </testcase> <!-- verifyToolBarFullScreen -->
  <system-out/>
  <testcase classname="com.ciranet.myworkqueue.disclosureprocessing.testcases.ClosingRequestsPageTest" name="verifySearchButton" time="0.000">
    <skipped/>
  </testcase> <!-- verifySearchButton -->
  <system-out/>
  <testcase classname="com.ciranet.myworkqueue.disclosureprocessing.testcases.ClosingRequestsPageTest" name="verifyActionTransfertoCollectionsOption" time="0.000">
    <skipped/>
  </testcase> <!-- verifyActionTransfertoCollectionsOption -->
  <system-out/>
  <testcase classname="com.ciranet.myworkqueue.disclosureprocessing.testcases.ClosingRequestsPageTest" name="verifyActionTransfertoTransitionOption" time="0.000">
    <skipped/>
  </testcase> <!-- verifyActionTransfertoTransitionOption -->
  <system-out/>
  <testcase classname="com.ciranet.myworkqueue.disclosureprocessing.testcases.ClosingRequestsPageTest" name="verifyActionAssignPropertyOption" time="0.000">
    <skipped/>
  </testcase> <!-- verifyActionAssignPropertyOption -->
  <system-out/>
  <testcase classname="com.ciranet.myworkqueue.disclosureprocessing.testcases.ClosingRequestsPageTest" name="actionCancleRequestOption" time="0.000">
    <skipped/>
  </testcase> <!-- actionCancleRequestOption -->
  <system-out/>
  <testcase classname="com.ciranet.myworkqueue.disclosureprocessing.testcases.ClosingRequestsPageTest" name="verifySwitchingTabs" time="0.000">
    <skipped/>
  </testcase> <!-- verifySwitchingTabs -->
  <system-out/>
  <testcase classname="com.ciranet.myworkqueue.disclosureprocessing.testcases.ClosingRequestsPageTest" name="verifyRequestTypeFilter" time="0.000">
    <skipped/>
  </testcase> <!-- verifyRequestTypeFilter -->
  <system-out/>
  <testcase classname="com.ciranet.myworkqueue.disclosureprocessing.testcases.ClosingRequestsPageTest" name="verifySearchTab" time="0.001">
    <skipped/>
  </testcase> <!-- verifySearchTab -->
  <system-out/>
</testsuite> <!-- com.ciranet.myworkqueue.disclosureprocessing.testcases.ClosingRequestsPageTest -->
