<?xml version="1.0" encoding="UTF-8"?>
<!-- Generated by org.testng.reporters.JUnitReportReporter -->
<testsuite hostname="DESKTOP-EMOQPA6" failures="0" tests="9" name="com.ciranet.configurations.testcases.ModulesPageTest" time="0.000" errors="0" timestamp="2024-11-18T16:45:46 IST" skipped="9">
  <testcase classname="com.ciranet.configurations.testcases.ModulesPageTest" name="verifyconfigModulesClickPages" time="0.000">
    <skipped/>
  </testcase> <!-- verifyconfigModulesClickPages -->
  <system-out/>
  <testcase classname="com.ciranet.configurations.testcases.ModulesPageTest" name="verifyConfigurations" time="0.000">
    <skipped/>
  </testcase> <!-- verifyConfigurations -->
  <system-out/>
  <testcase classname="com.ciranet.configurations.testcases.ModulesPageTest" name="verifyEgnyteConfiguration" time="0.000">
    <skipped/>
  </testcase> <!-- verifyEgnyteConfiguration -->
  <system-out/>
  <testcase classname="com.ciranet.configurations.testcases.ModulesPageTest" name="verifyHelp" time="0.000">
    <skipped/>
  </testcase> <!-- verifyHelp -->
  <system-out/>
  <testcase classname="com.ciranet.configurations.testcases.ModulesPageTest" name="verifyRecommendationsandAssumptions" time="0.000">
    <skipped/>
  </testcase> <!-- verifyRecommendationsandAssumptions -->
  <system-out/>
  <testcase classname="com.ciranet.configurations.testcases.ModulesPageTest" name="verifySupplimentalInformation" time="0.000">
    <skipped/>
  </testcase> <!-- verifySupplimentalInformation -->
  <system-out/>
  <testcase classname="com.ciranet.configurations.testcases.ModulesPageTest" name="verifyTransitionDocuments" time="0.000">
    <skipped/>
  </testcase> <!-- verifyTransitionDocuments -->
  <system-out/>
  <testcase classname="com.ciranet.configurations.testcases.ModulesPageTest" name="verifyTransitionTaskTemplates" time="0.000">
    <skipped/>
  </testcase> <!-- verifyTransitionTaskTemplates -->
  <system-out/>
  <testcase classname="com.ciranet.configurations.testcases.ModulesPageTest" name="verifyWorkOrderWorkArea" time="0.000">
    <skipped/>
  </testcase> <!-- verifyWorkOrderWorkArea -->
  <system-out/>
</testsuite> <!-- com.ciranet.configurations.testcases.ModulesPageTest -->
