<?xml version="1.0" encoding="UTF-8"?>
<!-- Generated by org.testng.reporters.JUnitReportReporter -->
<testsuite hostname="DESKTOP-EMOQPA6" failures="0" tests="6" name="com.ciranet.community.dashboard.testcases.CommunityMetricsPageTest" time="0.000" errors="0" timestamp="2024-11-18T16:45:46 IST" skipped="6">
  <testcase classname="com.ciranet.community.dashboard.testcases.CommunityMetricsPageTest" name="verifyCommunityMetrixPage" time="0.000">
    <skipped/>
  </testcase> <!-- verifyCommunityMetrixPage -->
  <system-out/>
  <testcase classname="com.ciranet.community.dashboard.testcases.CommunityMetricsPageTest" name="verifyAddLawsuit" time="0.000">
    <skipped/>
  </testcase> <!-- verifyAddLawsuit -->
  <system-out/>
  <testcase classname="com.ciranet.community.dashboard.testcases.CommunityMetricsPageTest" name="verifyEditLawsuit" time="0.000">
    <skipped/>
  </testcase> <!-- verifyEditLawsuit -->
  <system-out/>
  <testcase classname="com.ciranet.community.dashboard.testcases.CommunityMetricsPageTest" name="verifyRegisteredACHOwners" time="0.000">
    <skipped/>
  </testcase> <!-- verifyRegisteredACHOwners -->
  <system-out/>
  <testcase classname="com.ciranet.community.dashboard.testcases.CommunityMetricsPageTest" name="verifyTabSwitching" time="0.000">
    <skipped/>
  </testcase> <!-- verifyTabSwitching -->
  <system-out/>
  <testcase classname="com.ciranet.community.dashboard.testcases.CommunityMetricsPageTest" name="verifyWorkArea" time="0.000">
    <skipped/>
  </testcase> <!-- verifyWorkArea -->
  <system-out/>
</testsuite> <!-- com.ciranet.community.dashboard.testcases.CommunityMetricsPageTest -->
