<?xml version="1.0" encoding="UTF-8"?>
<!-- Generated by org.testng.reporters.JUnitReportReporter -->
<testsuite hostname="DESKTOP-EMOQPA6" failures="0" tests="9" name="com.ciranet.myworkqueue.testcases.InternalTasksPageTest" time="0.000" errors="0" timestamp="2024-11-18T16:45:46 IST" skipped="9">
  <testcase classname="com.ciranet.myworkqueue.testcases.InternalTasksPageTest" name="verifyInternalTasksPageURL" time="0.000">
    <skipped/>
  </testcase> <!-- verifyInternalTasksPageURL -->
  <system-out/>
  <testcase classname="com.ciranet.myworkqueue.testcases.InternalTasksPageTest" name="verifyHelpInternalTask" time="0.000">
    <skipped/>
  </testcase> <!-- verifyHelpInternalTask -->
  <system-out/>
  <testcase classname="com.ciranet.myworkqueue.testcases.InternalTasksPageTest" name="verifyColumnChooserOption" time="0.000">
    <skipped/>
  </testcase> <!-- verifyColumnChooserOption -->
  <system-out/>
  <testcase classname="com.ciranet.myworkqueue.testcases.InternalTasksPageTest" name="verifyToolbarFullScreenOption" time="0.000">
    <skipped/>
  </testcase> <!-- verifyToolbarFullScreenOption -->
  <system-out/>
  <testcase classname="com.ciranet.myworkqueue.testcases.InternalTasksPageTest" name="verifytoolBarNormalScreenOption" time="0.000">
    <skipped/>
  </testcase> <!-- verifytoolBarNormalScreenOption -->
  <system-out/>
  <testcase classname="com.ciranet.myworkqueue.testcases.InternalTasksPageTest" name="verifyEmailSetting" time="0.000">
    <skipped/>
  </testcase> <!-- verifyEmailSetting -->
  <system-out/>
  <testcase classname="com.ciranet.myworkqueue.testcases.InternalTasksPageTest" name="verifyExpandCollapseOption" time="0.000">
    <skipped/>
  </testcase> <!-- verifyExpandCollapseOption -->
  <system-out/>
  <testcase classname="com.ciranet.myworkqueue.testcases.InternalTasksPageTest" name="verifyActiveFilterSelect" time="0.000">
    <skipped/>
  </testcase> <!-- verifyActiveFilterSelect -->
  <system-out/>
  <testcase classname="com.ciranet.myworkqueue.testcases.InternalTasksPageTest" name="verifyRefreshButton" time="0.000">
    <skipped/>
  </testcase> <!-- verifyRefreshButton -->
  <system-out/>
</testsuite> <!-- com.ciranet.myworkqueue.testcases.InternalTasksPageTest -->
