<?xml version="1.0" encoding="UTF-8"?>
<!-- Generated by org.testng.reporters.JUnitReportReporter -->
<testsuite hostname="DESKTOP-EMOQPA6" failures="0" tests="8" name="com.ciranet.community.communications.testcases.MailMergePageTest" time="0.000" errors="0" timestamp="2024-11-18T16:45:46 IST" skipped="8">
  <testcase classname="com.ciranet.community.communications.testcases.MailMergePageTest" name="verifymailMergeMenu" time="0.000">
    <skipped/>
  </testcase> <!-- verifymailMergeMenu -->
  <system-out/>
  <testcase classname="com.ciranet.community.communications.testcases.MailMergePageTest" name="verifyDropdownselection" time="0.000">
    <skipped/>
  </testcase> <!-- verifyDropdownselection -->
  <system-out/>
  <testcase classname="com.ciranet.community.communications.testcases.MailMergePageTest" name="verifyCreateLabels" time="0.000">
    <skipped/>
  </testcase> <!-- verifyCreateLabels -->
  <system-out/>
  <testcase classname="com.ciranet.community.communications.testcases.MailMergePageTest" name="verifyBrowseButton" time="0.000">
    <skipped/>
  </testcase> <!-- verifyBrowseButton -->
  <system-out/>
  <testcase classname="com.ciranet.community.communications.testcases.MailMergePageTest" name="verifyViewSaveStandardLetterheadTemplate" time="0.000">
    <skipped/>
  </testcase> <!-- verifyViewSaveStandardLetterheadTemplate -->
  <system-out/>
  <testcase classname="com.ciranet.community.communications.testcases.MailMergePageTest" name="verifyCustomerIdhyperlink" time="0.000">
    <skipped/>
  </testcase> <!-- verifyCustomerIdhyperlink -->
  <system-out/>
  <testcase classname="com.ciranet.community.communications.testcases.MailMergePageTest" name="verifyCombinedOwnerhyperlink" time="0.000">
    <skipped/>
  </testcase> <!-- verifyCombinedOwnerhyperlink -->
  <system-out/>
  <testcase classname="com.ciranet.community.communications.testcases.MailMergePageTest" name="verifyhelpMailMerge" time="0.000">
    <skipped/>
  </testcase> <!-- verifyhelpMailMerge -->
  <system-out/>
</testsuite> <!-- com.ciranet.community.communications.testcases.MailMergePageTest -->
