<?xml version="1.0" encoding="UTF-8"?>
<!-- Generated by org.testng.reporters.JUnitReportReporter -->
<testsuite hostname="DESKTOP-EMOQPA6" failures="0" tests="11" name="com.ciranet.myworkqueue.disclosureprocessing.testcases.PropertyConveyancePageTest" time="0.001" errors="0" timestamp="2024-11-18T16:45:46 IST" skipped="11">
  <testcase classname="com.ciranet.myworkqueue.disclosureprocessing.testcases.PropertyConveyancePageTest" name="verifyPropertyConveyanceWorkQueuePageURL" time="0.000">
    <skipped/>
  </testcase> <!-- verifyPropertyConveyanceWorkQueuePageURL -->
  <system-out/>
  <testcase classname="com.ciranet.myworkqueue.disclosureprocessing.testcases.PropertyConveyancePageTest" name="verifyToolbarFullScreenOption" time="0.000">
    <skipped/>
  </testcase> <!-- verifyToolbarFullScreenOption -->
  <system-out/>
  <testcase classname="com.ciranet.myworkqueue.disclosureprocessing.testcases.PropertyConveyancePageTest" name="verifyToolbarNormalScreenOption" time="0.000">
    <skipped/>
  </testcase> <!-- verifyToolbarNormalScreenOption -->
  <system-out/>
  <testcase classname="com.ciranet.myworkqueue.disclosureprocessing.testcases.PropertyConveyancePageTest" name="verifyColumnChooserOption" time="0.000">
    <skipped/>
  </testcase> <!-- verifyColumnChooserOption -->
  <system-out/>
  <testcase classname="com.ciranet.myworkqueue.disclosureprocessing.testcases.PropertyConveyancePageTest" name="verifyExpandOption" time="0.000">
    <skipped/>
  </testcase> <!-- verifyExpandOption -->
  <system-out/>
  <testcase classname="com.ciranet.myworkqueue.disclosureprocessing.testcases.PropertyConveyancePageTest" name="VerifyactionEditCommunityCancel" time="0.000">
    <skipped/>
  </testcase> <!-- VerifyactionEditCommunityCancel -->
  <system-out/>
  <testcase classname="com.ciranet.myworkqueue.disclosureprocessing.testcases.PropertyConveyancePageTest" name="VerifyactionDeleteCommunity" time="0.000">
    <skipped/>
  </testcase> <!-- VerifyactionDeleteCommunity -->
  <system-out/>
  <testcase classname="com.ciranet.myworkqueue.disclosureprocessing.testcases.PropertyConveyancePageTest" name="Verifyrefresh" time="0.000">
    <skipped/>
  </testcase> <!-- Verifyrefresh -->
  <system-out/>
  <testcase classname="com.ciranet.myworkqueue.disclosureprocessing.testcases.PropertyConveyancePageTest" name="verifyCompactModeOnPropertyConveyancePopup" time="0.001">
    <skipped/>
  </testcase> <!-- verifyCompactModeOnPropertyConveyancePopup -->
  <system-out/>
  <testcase classname="com.ciranet.myworkqueue.disclosureprocessing.testcases.PropertyConveyancePageTest" name="verifyToggleCompletedTabOpenTabs" time="0.000">
    <skipped/>
  </testcase> <!-- verifyToggleCompletedTabOpenTabs -->
  <system-out/>
  <testcase classname="com.ciranet.myworkqueue.disclosureprocessing.testcases.PropertyConveyancePageTest" name="verifySearchWorkQueueButton" time="0.000">
    <skipped/>
  </testcase> <!-- verifySearchWorkQueueButton -->
  <system-out/>
</testsuite> <!-- com.ciranet.myworkqueue.disclosureprocessing.testcases.PropertyConveyancePageTest -->
