<?xml version="1.0" encoding="UTF-8"?>
<!-- Generated by org.testng.reporters.JUnitReportReporter -->
<testsuite hostname="DESKTOP-EMOQPA6" failures="0" tests="5" name="com.ciranet.administration.tools.testcases.EmployeeManagementPageTest" time="0.001" errors="0" timestamp="2024-11-18T16:45:46 IST" skipped="5">
  <testcase classname="com.ciranet.administration.tools.testcases.EmployeeManagementPageTest" name="verifyCommunityNotes" time="0.000">
    <skipped/>
  </testcase> <!-- verifyCommunityNotes -->
  <system-out/>
  <testcase classname="com.ciranet.administration.tools.testcases.EmployeeManagementPageTest" name="verifyToolBarFullScreen" time="0.001">
    <skipped/>
  </testcase> <!-- verifyToolBarFullScreen -->
  <system-out/>
  <testcase classname="com.ciranet.administration.tools.testcases.EmployeeManagementPageTest" name="verifyUserStatus" time="0.000">
    <skipped/>
  </testcase> <!-- verifyUserStatus -->
  <system-out/>
  <testcase classname="com.ciranet.administration.tools.testcases.EmployeeManagementPageTest" name="verifyBiography" time="0.000">
    <skipped/>
  </testcase> <!-- verifyBiography -->
  <system-out/>
  <testcase classname="com.ciranet.administration.tools.testcases.EmployeeManagementPageTest" name="verifyEditEmployee" time="0.000">
    <skipped/>
  </testcase> <!-- verifyEditEmployee -->
  <system-out/>
</testsuite> <!-- com.ciranet.administration.tools.testcases.EmployeeManagementPageTest -->
