<?xml version="1.0" encoding="UTF-8"?>
<!-- Generated by org.testng.reporters.JUnitReportReporter -->
<testsuite hostname="DESKTOP-EMOQPA6" failures="0" tests="7" name="com.ciranet.myportfolio.timeandexpense.testcases.TimeandExpenseSubmissionsPageTest" time="0.000" errors="0" timestamp="2024-11-18T16:45:47 IST" skipped="7">
  <testcase classname="com.ciranet.myportfolio.timeandexpense.testcases.TimeandExpenseSubmissionsPageTest" name="verifyTimeandExpenseSubmissionsMenu" time="0.000">
    <skipped/>
  </testcase> <!-- verifyTimeandExpenseSubmissionsMenu -->
  <system-out/>
  <testcase classname="com.ciranet.myportfolio.timeandexpense.testcases.TimeandExpenseSubmissionsPageTest" name="verifyEntitySelection" time="0.000">
    <skipped/>
  </testcase> <!-- verifyEntitySelection -->
  <system-out/>
  <testcase classname="com.ciranet.myportfolio.timeandexpense.testcases.TimeandExpenseSubmissionsPageTest" name="verifyToolbarFullScreenOption" time="0.000">
    <skipped/>
  </testcase> <!-- verifyToolbarFullScreenOption -->
  <system-out/>
  <testcase classname="com.ciranet.myportfolio.timeandexpense.testcases.TimeandExpenseSubmissionsPageTest" name="verifyMileageExpenseLabel" time="0.000">
    <skipped/>
  </testcase> <!-- verifyMileageExpenseLabel -->
  <system-out/>
  <testcase classname="com.ciranet.myportfolio.timeandexpense.testcases.TimeandExpenseSubmissionsPageTest" name="verifyApproveMenu" time="0.000">
    <skipped/>
  </testcase> <!-- verifyApproveMenu -->
  <system-out/>
  <testcase classname="com.ciranet.myportfolio.timeandexpense.testcases.TimeandExpenseSubmissionsPageTest" name="verifyDenyMenu" time="0.000">
    <skipped/>
  </testcase> <!-- verifyDenyMenu -->
  <system-out/>
  <testcase classname="com.ciranet.myportfolio.timeandexpense.testcases.TimeandExpenseSubmissionsPageTest" name="verifySubmittedByColumn" time="0.000">
    <skipped/>
  </testcase> <!-- verifySubmittedByColumn -->
  <system-out/>
</testsuite> <!-- com.ciranet.myportfolio.timeandexpense.testcases.TimeandExpenseSubmissionsPageTest -->
