<?xml version="1.0" encoding="UTF-8"?>
<!-- Generated by org.testng.reporters.JUnitReportReporter -->
<testsuite hostname="DESKTOP-EMOQPA6" failures="0" tests="9" name="com.ciranet.myworkqueue.communityonboarding.testcases.OnBoardingChecklistPageTest" time="0.000" errors="0" timestamp="2024-11-18T16:45:46 IST" skipped="9">
  <testcase classname="com.ciranet.myworkqueue.communityonboarding.testcases.OnBoardingChecklistPageTest" name="verifyOnBoardingChecklist" time="0.000">
    <skipped/>
  </testcase> <!-- verifyOnBoardingChecklist -->
  <system-out/>
  <testcase classname="com.ciranet.myworkqueue.communityonboarding.testcases.OnBoardingChecklistPageTest" name="verifyChangeAssignedTo" time="0.000">
    <skipped/>
  </testcase> <!-- verifyChangeAssignedTo -->
  <system-out/>
  <testcase classname="com.ciranet.myworkqueue.communityonboarding.testcases.OnBoardingChecklistPageTest" name="verifyEmailReminderAction" time="0.000">
    <skipped/>
  </testcase> <!-- verifyEmailReminderAction -->
  <system-out/>
  <testcase classname="com.ciranet.myworkqueue.communityonboarding.testcases.OnBoardingChecklistPageTest" name="verifySetNotAppplicableAction" time="0.000">
    <skipped/>
  </testcase> <!-- verifySetNotAppplicableAction -->
  <system-out/>
  <testcase classname="com.ciranet.myworkqueue.communityonboarding.testcases.OnBoardingChecklistPageTest" name="verifyApproveAction" time="0.000">
    <skipped/>
  </testcase> <!-- verifyApproveAction -->
  <system-out/>
  <testcase classname="com.ciranet.myworkqueue.communityonboarding.testcases.OnBoardingChecklistPageTest" name="verifyDocumentsAdding" time="0.000">
    <skipped/>
  </testcase> <!-- verifyDocumentsAdding -->
  <system-out/>
  <testcase classname="com.ciranet.myworkqueue.communityonboarding.testcases.OnBoardingChecklistPageTest" name="verifyEmailLinking" time="0.000">
    <skipped/>
  </testcase> <!-- verifyEmailLinking -->
  <system-out/>
  <testcase classname="com.ciranet.myworkqueue.communityonboarding.testcases.OnBoardingChecklistPageTest" name="verifyLogHistory" time="0.000">
    <skipped/>
  </testcase> <!-- verifyLogHistory -->
  <system-out/>
  <testcase classname="com.ciranet.myworkqueue.communityonboarding.testcases.OnBoardingChecklistPageTest" name="verifyAddingNotes" time="0.000">
    <skipped/>
  </testcase> <!-- verifyAddingNotes -->
  <system-out/>
</testsuite> <!-- com.ciranet.myworkqueue.communityonboarding.testcases.OnBoardingChecklistPageTest -->
