<?xml version="1.0" encoding="UTF-8"?>
<!-- Generated by org.testng.reporters.JUnitReportReporter -->
<testsuite hostname="DESKTOP-EMOQPA6" failures="0" tests="6" name="com.ciranet.cirabooks.accountspayable.testcases.MySubmittedInvoicesPageTest" time="0.000" errors="0" timestamp="2024-11-18T16:45:46 IST" skipped="6">
  <testcase classname="com.ciranet.cirabooks.accountspayable.testcases.MySubmittedInvoicesPageTest" name="verifyMySubmittedInvoicesPage" time="0.000">
    <skipped/>
  </testcase> <!-- verifyMySubmittedInvoicesPage -->
  <system-out/>
  <testcase classname="com.ciranet.cirabooks.accountspayable.testcases.MySubmittedInvoicesPageTest" name="verifyAddSubmitedInvoice" time="0.000">
    <skipped/>
  </testcase> <!-- verifyAddSubmitedInvoice -->
  <system-out/>
  <testcase classname="com.ciranet.cirabooks.accountspayable.testcases.MySubmittedInvoicesPageTest" name="verifyReset" time="0.000">
    <skipped/>
  </testcase> <!-- verifyReset -->
  <system-out/>
  <testcase classname="com.ciranet.cirabooks.accountspayable.testcases.MySubmittedInvoicesPageTest" name="verifyVendorActivity" time="0.000">
    <skipped/>
  </testcase> <!-- verifyVendorActivity -->
  <system-out/>
  <testcase classname="com.ciranet.cirabooks.accountspayable.testcases.MySubmittedInvoicesPageTest" name="verifyBoardApproval" time="0.000">
    <skipped/>
  </testcase> <!-- verifyBoardApproval -->
  <system-out/>
  <testcase classname="com.ciranet.cirabooks.accountspayable.testcases.MySubmittedInvoicesPageTest" name="verifyAddNotes" time="0.000">
    <skipped/>
  </testcase> <!-- verifyAddNotes -->
  <system-out/>
</testsuite> <!-- com.ciranet.cirabooks.accountspayable.testcases.MySubmittedInvoicesPageTest -->
