<?xml version="1.0" encoding="UTF-8"?>
<!-- Generated by org.testng.reporters.JUnitReportReporter -->
<testsuite hostname="DESKTOP-EMOQPA6" failures="0" tests="6" name="com.ciranet.community.communications.testcases.AnnouncementLogsPageTest" time="0.002" errors="0" timestamp="2024-11-18T16:45:46 IST" skipped="6">
  <testcase classname="com.ciranet.community.communications.testcases.AnnouncementLogsPageTest" name="verifyAnnouncementLogsMenu" time="0.001">
    <skipped/>
  </testcase> <!-- verifyAnnouncementLogsMenu -->
  <system-out/>
  <testcase classname="com.ciranet.community.communications.testcases.AnnouncementLogsPageTest" name="verfiyswitchingtabs" time="0.000">
    <skipped/>
  </testcase> <!-- verfiyswitchingtabs -->
  <system-out/>
  <testcase classname="com.ciranet.community.communications.testcases.AnnouncementLogsPageTest" name="verfiyaddNewAnnouncement" time="0.000">
    <skipped/>
  </testcase> <!-- verfiyaddNewAnnouncement -->
  <system-out/>
  <testcase classname="com.ciranet.community.communications.testcases.AnnouncementLogsPageTest" name="verfiyEditAnnouncement" time="0.000">
    <skipped/>
  </testcase> <!-- verfiyEditAnnouncement -->
  <system-out/>
  <testcase classname="com.ciranet.community.communications.testcases.AnnouncementLogsPageTest" name="verfiydeleteAnnouncement" time="0.000">
    <skipped/>
  </testcase> <!-- verfiydeleteAnnouncement -->
  <system-out/>
  <testcase classname="com.ciranet.community.communications.testcases.AnnouncementLogsPageTest" name="verifyHelpAnnouncements" time="0.001">
    <skipped/>
  </testcase> <!-- verifyHelpAnnouncements -->
  <system-out/>
</testsuite> <!-- com.ciranet.community.communications.testcases.AnnouncementLogsPageTest -->
