<?xml version="1.0" encoding="UTF-8"?>
<!-- Generated by org.testng.reporters.JUnitReportReporter -->
<testsuite hostname="DESKTOP-EMOQPA6" failures="0" tests="5" name="com.ciranet.community.information.testcases.CommunityAssetsPageTest" time="0.001" errors="0" timestamp="2024-11-18T16:45:46 IST" skipped="5">
  <testcase classname="com.ciranet.community.information.testcases.CommunityAssetsPageTest" name="verifyCommunityAssetsPage" time="0.001">
    <skipped/>
  </testcase> <!-- verifyCommunityAssetsPage -->
  <system-out/>
  <testcase classname="com.ciranet.community.information.testcases.CommunityAssetsPageTest" name="verifyAddNewAsset" time="0.000">
    <skipped/>
  </testcase> <!-- verifyAddNewAsset -->
  <system-out/>
  <testcase classname="com.ciranet.community.information.testcases.CommunityAssetsPageTest" name="verifyEditAsset" time="0.000">
    <skipped/>
  </testcase> <!-- verifyEditAsset -->
  <system-out/>
  <testcase classname="com.ciranet.community.information.testcases.CommunityAssetsPageTest" name="verifyDeleteAsset" time="0.000">
    <skipped/>
  </testcase> <!-- verifyDeleteAsset -->
  <system-out/>
  <testcase classname="com.ciranet.community.information.testcases.CommunityAssetsPageTest" name="verifyUploadAssetImage" time="0.000">
    <skipped/>
  </testcase> <!-- verifyUploadAssetImage -->
  <system-out/>
</testsuite> <!-- com.ciranet.community.information.testcases.CommunityAssetsPageTest -->
