<?xml version="1.0" encoding="UTF-8"?>
<!-- Generated by org.testng.reporters.JUnitReportReporter -->
<testsuite hostname="DESKTOP-EMOQPA6" failures="0" tests="10" name="com.ciranet.community.compliance.testcases.DetailedViolationsLogPageTest" time="0.000" errors="0" timestamp="2024-11-18T16:45:46 IST" skipped="10">
  <testcase classname="com.ciranet.community.compliance.testcases.DetailedViolationsLogPageTest" name="verifyDetailedViolationsLogPages" time="0.000">
    <skipped/>
  </testcase> <!-- verifyDetailedViolationsLogPages -->
  <system-out/>
  <testcase classname="com.ciranet.community.compliance.testcases.DetailedViolationsLogPageTest" name="verifyEscalateViolationAction" time="0.000">
    <skipped/>
  </testcase> <!-- verifyEscalateViolationAction -->
  <system-out/>
  <testcase classname="com.ciranet.community.compliance.testcases.DetailedViolationsLogPageTest" name="verifyCloseViolationAction" time="0.000">
    <skipped/>
  </testcase> <!-- verifyCloseViolationAction -->
  <system-out/>
  <testcase classname="com.ciranet.community.compliance.testcases.DetailedViolationsLogPageTest" name="verifyCustomViolationLettersAction" time="0.000">
    <skipped/>
  </testcase> <!-- verifyCustomViolationLettersAction -->
  <system-out/>
  <testcase classname="com.ciranet.community.compliance.testcases.DetailedViolationsLogPageTest" name="verifyReferToAttorneyAction" time="0.000">
    <skipped/>
  </testcase> <!-- verifyReferToAttorneyAction -->
  <system-out/>
  <testcase classname="com.ciranet.community.compliance.testcases.DetailedViolationsLogPageTest" name="verifyClearAttorneyFlagAction" time="0.000">
    <skipped/>
  </testcase> <!-- verifyClearAttorneyFlagAction -->
  <system-out/>
  <testcase classname="com.ciranet.community.compliance.testcases.DetailedViolationsLogPageTest" name="verifyReportViolation" time="0.000">
    <skipped/>
  </testcase> <!-- verifyReportViolation -->
  <system-out/>
  <testcase classname="com.ciranet.community.compliance.testcases.DetailedViolationsLogPageTest" name="verifyClosedViolationHistory" time="0.000">
    <skipped/>
  </testcase> <!-- verifyClosedViolationHistory -->
  <system-out/>
  <testcase classname="com.ciranet.community.compliance.testcases.DetailedViolationsLogPageTest" name="verifyClosedPropertyAddress" time="0.000">
    <skipped/>
  </testcase> <!-- verifyClosedPropertyAddress -->
  <system-out/>
  <testcase classname="com.ciranet.community.compliance.testcases.DetailedViolationsLogPageTest" name="verifyEditAllowances" time="0.000">
    <skipped/>
  </testcase> <!-- verifyEditAllowances -->
  <system-out/>
</testsuite> <!-- com.ciranet.community.compliance.testcases.DetailedViolationsLogPageTest -->
