<?xml version="1.0" encoding="UTF-8"?>
<!-- Generated by org.testng.reporters.JUnitReportReporter -->
<testsuite hostname="DESKTOP-EMOQPA6" failures="0" tests="2" name="com.ciranet.corporatecirabooks.generalledger.testcases.UploadBudgetsPageTest" time="0.000" errors="0" timestamp="2024-11-18T16:45:46 IST" skipped="2">
  <testcase classname="com.ciranet.corporatecirabooks.generalledger.testcases.UploadBudgetsPageTest" name="verifyUploadBudgetsPageTitle" time="0.000">
    <skipped/>
  </testcase> <!-- verifyUploadBudgetsPageTitle -->
  <system-out/>
  <testcase classname="com.ciranet.corporatecirabooks.generalledger.testcases.UploadBudgetsPageTest" name="verifyUploadBudgetsPage" time="0.000">
    <skipped/>
  </testcase> <!-- verifyUploadBudgetsPage -->
  <system-out/>
</testsuite> <!-- com.ciranet.corporatecirabooks.generalledger.testcases.UploadBudgetsPageTest -->
