<?xml version="1.0" encoding="UTF-8"?>
<!-- Generated by org.testng.reporters.JUnitReportReporter -->
<testsuite hostname="DESKTOP-EMOQPA6" failures="0" tests="14" name="com.ciranet.myworkqueue.testcases.ProjectsTasksPageTest" time="0.001" errors="0" timestamp="2024-11-18T16:45:47 IST" skipped="14">
  <testcase classname="com.ciranet.myworkqueue.testcases.ProjectsTasksPageTest" name="verifyProjectTaskPage" time="0.000">
    <skipped/>
  </testcase> <!-- verifyProjectTaskPage -->
  <system-out/>
  <testcase classname="com.ciranet.myworkqueue.testcases.ProjectsTasksPageTest" name="verifyHelpOfProjectTask" time="0.000">
    <skipped/>
  </testcase> <!-- verifyHelpOfProjectTask -->
  <system-out/>
  <testcase classname="com.ciranet.myworkqueue.testcases.ProjectsTasksPageTest" name="VerifySwitchtab" time="0.000">
    <skipped/>
  </testcase> <!-- VerifySwitchtab -->
  <system-out/>
  <testcase classname="com.ciranet.myworkqueue.testcases.ProjectsTasksPageTest" name="verifyRefreshButtonClick" time="0.000">
    <skipped/>
  </testcase> <!-- verifyRefreshButtonClick -->
  <system-out/>
  <testcase classname="com.ciranet.myworkqueue.testcases.ProjectsTasksPageTest" name="verifyNotificationSetting" time="0.000">
    <skipped/>
  </testcase> <!-- verifyNotificationSetting -->
  <system-out/>
  <testcase classname="com.ciranet.myworkqueue.testcases.ProjectsTasksPageTest" name="verifyToolbarFullScreenOption" time="0.000">
    <skipped/>
  </testcase> <!-- verifyToolbarFullScreenOption -->
  <system-out/>
  <testcase classname="com.ciranet.myworkqueue.testcases.ProjectsTasksPageTest" name="verifyToolbarNormalScreenOption" time="0.000">
    <skipped/>
  </testcase> <!-- verifyToolbarNormalScreenOption -->
  <system-out/>
  <testcase classname="com.ciranet.myworkqueue.testcases.ProjectsTasksPageTest" name="verifyColumnChooserOption" time="0.000">
    <skipped/>
  </testcase> <!-- verifyColumnChooserOption -->
  <system-out/>
  <testcase classname="com.ciranet.myworkqueue.testcases.ProjectsTasksPageTest" name="verifyMenuExpandCollapseOption" time="0.000">
    <skipped/>
  </testcase> <!-- verifyMenuExpandCollapseOption -->
  <system-out/>
  <testcase classname="com.ciranet.myworkqueue.testcases.ProjectsTasksPageTest" name="verifyActionEditFunctionality" time="0.000">
    <skipped/>
  </testcase> <!-- verifyActionEditFunctionality -->
  <system-out/>
  <testcase classname="com.ciranet.myworkqueue.testcases.ProjectsTasksPageTest" name="verifyAddNewProjectTaskButtonClick" time="0.001">
    <skipped/>
  </testcase> <!-- verifyAddNewProjectTaskButtonClick -->
  <system-out/>
  <testcase classname="com.ciranet.myworkqueue.testcases.ProjectsTasksPageTest" name="verifyActivefilterselection" time="0.000">
    <skipped/>
  </testcase> <!-- verifyActivefilterselection -->
  <system-out/>
  <testcase classname="com.ciranet.myworkqueue.testcases.ProjectsTasksPageTest" name="verifyDaysTextbox" time="0.000">
    <skipped/>
  </testcase> <!-- verifyDaysTextbox -->
  <system-out/>
  <testcase classname="com.ciranet.myworkqueue.testcases.ProjectsTasksPageTest" name="verifyuserlogout" time="0.000">
    <skipped/>
  </testcase> <!-- verifyuserlogout -->
  <system-out/>
</testsuite> <!-- com.ciranet.myworkqueue.testcases.ProjectsTasksPageTest -->
