<?xml version="1.0" encoding="UTF-8"?>
<!-- Generated by org.testng.reporters.JUnitReportReporter -->
<testsuite hostname="DESKTOP-EMOQPA6" failures="0" tests="5" name="com.ciranet.community.information.testcases.CommunityNotesPageTest" time="0.000" errors="0" timestamp="2024-11-18T16:45:46 IST" skipped="5">
  <testcase classname="com.ciranet.community.information.testcases.CommunityNotesPageTest" name="verifyCommunityNotes" time="0.000">
    <skipped/>
  </testcase> <!-- verifyCommunityNotes -->
  <system-out/>
  <testcase classname="com.ciranet.community.information.testcases.CommunityNotesPageTest" name="verifyToolBarFullScreen" time="0.000">
    <skipped/>
  </testcase> <!-- verifyToolBarFullScreen -->
  <system-out/>
  <testcase classname="com.ciranet.community.information.testcases.CommunityNotesPageTest" name="verifyAddNewNote" time="0.000">
    <skipped/>
  </testcase> <!-- verifyAddNewNote -->
  <system-out/>
  <testcase classname="com.ciranet.community.information.testcases.CommunityNotesPageTest" name="verifyImportNoteTemplate" time="0.000">
    <skipped/>
  </testcase> <!-- verifyImportNoteTemplate -->
  <system-out/>
  <testcase classname="com.ciranet.community.information.testcases.CommunityNotesPageTest" name="verifyActionMenu" time="0.000">
    <skipped/>
  </testcase> <!-- verifyActionMenu -->
  <system-out/>
</testsuite> <!-- com.ciranet.community.information.testcases.CommunityNotesPageTest -->
