<?xml version="1.0" encoding="UTF-8"?>
<!-- Generated by org.testng.reporters.JUnitReportReporter -->
<testsuite hostname="DESKTOP-EMOQPA6" failures="0" tests="10" name="com.ciranet.configurations.testcases.CommunityAccountingPageTest" time="0.001" errors="0" timestamp="2024-11-18T16:45:46 IST" skipped="10">
  <testcase classname="com.ciranet.configurations.testcases.CommunityAccountingPageTest" name="verifyCommunityAccountingPage" time="0.000">
    <skipped/>
  </testcase> <!-- verifyCommunityAccountingPage -->
  <system-out/>
  <testcase classname="com.ciranet.configurations.testcases.CommunityAccountingPageTest" name="verifyaapCrossEntityBill" time="0.001">
    <skipped/>
  </testcase> <!-- verifyaapCrossEntityBill -->
  <system-out/>
  <testcase classname="com.ciranet.configurations.testcases.CommunityAccountingPageTest" name="verifyaapWorkFlowAutoAction" time="0.000">
    <skipped/>
  </testcase> <!-- verifyaapWorkFlowAutoAction -->
  <system-out/>
  <testcase classname="com.ciranet.configurations.testcases.CommunityAccountingPageTest" name="verifyaapWorkFlowCheckList" time="0.000">
    <skipped/>
  </testcase> <!-- verifyaapWorkFlowCheckList -->
  <system-out/>
  <testcase classname="com.ciranet.configurations.testcases.CommunityAccountingPageTest" name="verifyaarBillingTypes" time="0.000">
    <skipped/>
  </testcase> <!-- verifyaarBillingTypes -->
  <system-out/>
  <testcase classname="com.ciranet.configurations.testcases.CommunityAccountingPageTest" name="verifyaarBuilderStatements" time="0.000">
    <skipped/>
  </testcase> <!-- verifyaarBuilderStatements -->
  <system-out/>
  <testcase classname="com.ciranet.configurations.testcases.CommunityAccountingPageTest" name="verifyaarMiscInvoiceTypes" time="0.000">
    <skipped/>
  </testcase> <!-- verifyaarMiscInvoiceTypes -->
  <system-out/>
  <testcase classname="com.ciranet.configurations.testcases.CommunityAccountingPageTest" name="verifyaarPaymentApplicationOrder" time="0.000">
    <skipped/>
  </testcase> <!-- verifyaarPaymentApplicationOrder -->
  <system-out/>
  <testcase classname="com.ciranet.configurations.testcases.CommunityAccountingPageTest" name="verifyaarStatements" time="0.000">
    <skipped/>
  </testcase> <!-- verifyaarStatements -->
  <system-out/>
  <testcase classname="com.ciranet.configurations.testcases.CommunityAccountingPageTest" name="verifycollectionsConfiguration" time="0.000">
    <skipped/>
  </testcase> <!-- verifycollectionsConfiguration -->
  <system-out/>
</testsuite> <!-- com.ciranet.configurations.testcases.CommunityAccountingPageTest -->
