<?xml version="1.0" encoding="UTF-8"?>
<!-- Generated by org.testng.reporters.JUnitReportReporter -->
<testsuite hostname="DESKTOP-EMOQPA6" failures="0" tests="11" name="com.ciranet.community.communications.testcases.MassCommunicationPageTest" time="0.000" errors="0" timestamp="2024-11-18T16:45:46 IST" skipped="11">
  <testcase classname="com.ciranet.community.communications.testcases.MassCommunicationPageTest" name="verifymailMergeMenu" time="0.000">
    <skipped/>
  </testcase> <!-- verifymailMergeMenu -->
  <system-out/>
  <testcase classname="com.ciranet.community.communications.testcases.MassCommunicationPageTest" name="verifySearchFunctionality" time="0.000">
    <skipped/>
  </testcase> <!-- verifySearchFunctionality -->
  <system-out/>
  <testcase classname="com.ciranet.community.communications.testcases.MassCommunicationPageTest" name="verifyFromProcessedDateDropdown" time="0.000">
    <skipped/>
  </testcase> <!-- verifyFromProcessedDateDropdown -->
  <system-out/>
  <testcase classname="com.ciranet.community.communications.testcases.MassCommunicationPageTest" name="verifyScheduleCommunicationRefreshButton" time="0.000">
    <skipped/>
  </testcase> <!-- verifyScheduleCommunicationRefreshButton -->
  <system-out/>
  <testcase classname="com.ciranet.community.communications.testcases.MassCommunicationPageTest" name="verifyScheduleCommunicationRefreshRecipientsButton" time="0.000">
    <skipped/>
  </testcase> <!-- verifyScheduleCommunicationRefreshRecipientsButton -->
  <system-out/>
  <testcase classname="com.ciranet.community.communications.testcases.MassCommunicationPageTest" name="verifyNewTemplateButton" time="0.000">
    <skipped/>
  </testcase> <!-- verifyNewTemplateButton -->
  <system-out/>
  <testcase classname="com.ciranet.community.communications.testcases.MassCommunicationPageTest" name="verifyScheduledByHyperlink" time="0.000">
    <skipped/>
  </testcase> <!-- verifyScheduledByHyperlink -->
  <system-out/>
  <testcase classname="com.ciranet.community.communications.testcases.MassCommunicationPageTest" name="verifyStatusCancel" time="0.000">
    <skipped/>
  </testcase> <!-- verifyStatusCancel -->
  <system-out/>
  <testcase classname="com.ciranet.community.communications.testcases.MassCommunicationPageTest" name="verifyStatusProcessed" time="0.000">
    <skipped/>
  </testcase> <!-- verifyStatusProcessed -->
  <system-out/>
  <testcase classname="com.ciranet.community.communications.testcases.MassCommunicationPageTest" name="verifyStatusScheduled" time="0.000">
    <skipped/>
  </testcase> <!-- verifyStatusScheduled -->
  <system-out/>
  <testcase classname="com.ciranet.community.communications.testcases.MassCommunicationPageTest" name="verifyStatusPendingApproval" time="0.000">
    <skipped/>
  </testcase> <!-- verifyStatusPendingApproval -->
  <system-out/>
</testsuite> <!-- com.ciranet.community.communications.testcases.MassCommunicationPageTest -->
