<?xml version="1.0" encoding="UTF-8"?>
<!-- Generated by org.testng.reporters.JUnitReportReporter -->
<testsuite hostname="DESKTOP-EMOQPA6" failures="0" tests="3" name="com.ciranet.configurations.testcases.ReportTemplatesPageTest" time="0.000" errors="0" timestamp="2024-11-18T16:45:46 IST" skipped="3">
  <testcase classname="com.ciranet.configurations.testcases.ReportTemplatesPageTest" name="verifyConfigReportTemplatesClickPages" time="0.000">
    <skipped/>
  </testcase> <!-- verifyConfigReportTemplatesClickPages -->
  <system-out/>
  <testcase classname="com.ciranet.configurations.testcases.ReportTemplatesPageTest" name="verifyLetterTemplate" time="0.000">
    <skipped/>
  </testcase> <!-- verifyLetterTemplate -->
  <system-out/>
  <testcase classname="com.ciranet.configurations.testcases.ReportTemplatesPageTest" name="verifyLetterHeadTemplate" time="0.000">
    <skipped/>
  </testcase> <!-- verifyLetterHeadTemplate -->
  <system-out/>
</testsuite> <!-- com.ciranet.configurations.testcases.ReportTemplatesPageTest -->
