<?xml version="1.0" encoding="UTF-8"?>
<!-- Generated by org.testng.reporters.JUnitReportReporter -->
<testsuite hostname="DESKTOP-EMOQPA6" failures="0" tests="5" name="com.ciranet.myworkqueue.communitymanagement.testcases.CommonLotsAppraisalPageTest" time="0.000" errors="0" timestamp="2024-11-18T16:45:46 IST" skipped="5">
  <testcase classname="com.ciranet.myworkqueue.communitymanagement.testcases.CommonLotsAppraisalPageTest" name="verifyCommonLotsAppraisalURL" time="0.000">
    <skipped/>
  </testcase> <!-- verifyCommonLotsAppraisalURL -->
  <system-out/>
  <testcase classname="com.ciranet.myworkqueue.communitymanagement.testcases.CommonLotsAppraisalPageTest" name="verifyToolbarFullScreenOption" time="0.000">
    <skipped/>
  </testcase> <!-- verifyToolbarFullScreenOption -->
  <system-out/>
  <testcase classname="com.ciranet.myworkqueue.communitymanagement.testcases.CommonLotsAppraisalPageTest" name="verifyColumnChooserOption" time="0.000">
    <skipped/>
  </testcase> <!-- verifyColumnChooserOption -->
  <system-out/>
  <testcase classname="com.ciranet.myworkqueue.communitymanagement.testcases.CommonLotsAppraisalPageTest" name="verifyexcelOption" time="0.000">
    <skipped/>
  </testcase> <!-- verifyexcelOption -->
  <system-out/>
  <testcase classname="com.ciranet.myworkqueue.communitymanagement.testcases.CommonLotsAppraisalPageTest" name="verifycsvOption" time="0.000">
    <skipped/>
  </testcase> <!-- verifycsvOption -->
  <system-out/>
</testsuite> <!-- com.ciranet.myworkqueue.communitymanagement.testcases.CommonLotsAppraisalPageTest -->
