<?xml version="1.0" encoding="UTF-8"?>
<!-- Generated by org.testng.reporters.JUnitReportReporter -->
<testsuite hostname="DESKTOP-EMOQPA6" failures="0" tests="6" name="com.ciranet.myportfolio.revenuemanagement.testcases.MyCustomerChargesPageTest" time="0.002" errors="0" timestamp="2024-11-18T16:45:46 IST" skipped="6">
  <testcase classname="com.ciranet.myportfolio.revenuemanagement.testcases.MyCustomerChargesPageTest" name="verifyMyCustomerChargesMenu" time="0.000">
    <skipped/>
  </testcase> <!-- verifyMyCustomerChargesMenu -->
  <system-out/>
  <testcase classname="com.ciranet.myportfolio.revenuemanagement.testcases.MyCustomerChargesPageTest" name="verifyEntitySelection" time="0.000">
    <skipped/>
  </testcase> <!-- verifyEntitySelection -->
  <system-out/>
  <testcase classname="com.ciranet.myportfolio.revenuemanagement.testcases.MyCustomerChargesPageTest" name="verifyToolbarFullScreenOption" time="0.002">
    <skipped/>
  </testcase> <!-- verifyToolbarFullScreenOption -->
  <system-out/>
  <testcase classname="com.ciranet.myportfolio.revenuemanagement.testcases.MyCustomerChargesPageTest" name="verifyCreateNewCharge" time="0.000">
    <skipped/>
  </testcase> <!-- verifyCreateNewCharge -->
  <system-out/>
  <testcase classname="com.ciranet.myportfolio.revenuemanagement.testcases.MyCustomerChargesPageTest" name="verifyEditCharge" time="0.000">
    <skipped/>
  </testcase> <!-- verifyEditCharge -->
  <system-out/>
  <testcase classname="com.ciranet.myportfolio.revenuemanagement.testcases.MyCustomerChargesPageTest" name="verifyDeleteCharge" time="0.000">
    <skipped/>
  </testcase> <!-- verifyDeleteCharge -->
  <system-out/>
</testsuite> <!-- com.ciranet.myportfolio.revenuemanagement.testcases.MyCustomerChargesPageTest -->
