<?xml version="1.0" encoding="UTF-8"?>
<!-- Generated by org.testng.reporters.JUnitReportReporter -->
<testsuite hostname="DESKTOP-EMOQPA6" failures="0" tests="6" name="com.ciranet.myworkqueue.communitymanagement.testcases.BoardApprovalsPageTest" time="0.000" errors="0" timestamp="2024-11-18T16:45:46 IST" skipped="6">
  <testcase classname="com.ciranet.myworkqueue.communitymanagement.testcases.BoardApprovalsPageTest" name="verifyboardApprovalsMenu" time="0.000">
    <skipped/>
  </testcase> <!-- verifyboardApprovalsMenu -->
  <system-out/>
  <testcase classname="com.ciranet.myworkqueue.communitymanagement.testcases.BoardApprovalsPageTest" name="verifyToolbarFullScreenOption" time="0.000">
    <skipped/>
  </testcase> <!-- verifyToolbarFullScreenOption -->
  <system-out/>
  <testcase classname="com.ciranet.myworkqueue.communitymanagement.testcases.BoardApprovalsPageTest" name="verifyToolBarNormalScreenOption" time="0.000">
    <skipped/>
  </testcase> <!-- verifyToolBarNormalScreenOption -->
  <system-out/>
  <testcase classname="com.ciranet.myworkqueue.communitymanagement.testcases.BoardApprovalsPageTest" name="verifySwitchTab" time="0.000">
    <skipped/>
  </testcase> <!-- verifySwitchTab -->
  <system-out/>
  <testcase classname="com.ciranet.myworkqueue.communitymanagement.testcases.BoardApprovalsPageTest" name="verifyExpandOptionClick" time="0.000">
    <skipped/>
  </testcase> <!-- verifyExpandOptionClick -->
  <system-out/>
  <testcase classname="com.ciranet.myworkqueue.communitymanagement.testcases.BoardApprovalsPageTest" name="verifyColumnChooserOption" time="0.000">
    <skipped/>
  </testcase> <!-- verifyColumnChooserOption -->
  <system-out/>
</testsuite> <!-- com.ciranet.myworkqueue.communitymanagement.testcases.BoardApprovalsPageTest -->
