<?xml version="1.0" encoding="UTF-8"?>
<!-- Generated by org.testng.reporters.JUnitReportReporter -->
<testsuite hostname="DESKTOP-EMOQPA6" failures="0" tests="51" name="com.ciranet.boardmembers.testcases.BoardMemberNavigationTest" time="0.002" errors="0" timestamp="2024-11-18T16:45:46 IST" skipped="51">
  <testcase classname="com.ciranet.boardmembers.testcases.BoardMemberNavigationTest" name="verifyHomePageSearch" time="0.000">
    <skipped/>
  </testcase> <!-- verifyHomePageSearch -->
  <system-out/>
  <testcase classname="com.ciranet.boardmembers.testcases.BoardMemberNavigationTest" name="verifyCommunication" time="0.000">
    <skipped/>
  </testcase> <!-- verifyCommunication -->
  <system-out/>
  <testcase classname="com.ciranet.boardmembers.testcases.BoardMemberNavigationTest" name="verifyMailMerge" time="0.000">
    <skipped/>
  </testcase> <!-- verifyMailMerge -->
  <system-out/>
  <testcase classname="com.ciranet.boardmembers.testcases.BoardMemberNavigationTest" name="verifyResidentContactLogs" time="0.000">
    <skipped/>
  </testcase> <!-- verifyResidentContactLogs -->
  <system-out/>
  <testcase classname="com.ciranet.boardmembers.testcases.BoardMemberNavigationTest" name="verifyCertiedTracking" time="0.000">
    <skipped/>
  </testcase> <!-- verifyCertiedTracking -->
  <system-out/>
  <testcase classname="com.ciranet.boardmembers.testcases.BoardMemberNavigationTest" name="verifyDetailedViolationLog" time="0.000">
    <skipped/>
  </testcase> <!-- verifyDetailedViolationLog -->
  <system-out/>
  <testcase classname="com.ciranet.boardmembers.testcases.BoardMemberNavigationTest" name="verifyLastInspectionLog" time="0.000">
    <skipped/>
  </testcase> <!-- verifyLastInspectionLog -->
  <system-out/>
  <testcase classname="com.ciranet.boardmembers.testcases.BoardMemberNavigationTest" name="verifyOpenViolationsLog" time="0.000">
    <skipped/>
  </testcase> <!-- verifyOpenViolationsLog -->
  <system-out/>
  <testcase classname="com.ciranet.boardmembers.testcases.BoardMemberNavigationTest" name="verifyReportAViolation" time="0.000">
    <skipped/>
  </testcase> <!-- verifyReportAViolation -->
  <system-out/>
  <testcase classname="com.ciranet.boardmembers.testcases.BoardMemberNavigationTest" name="verifyRestrictionSummary" time="0.000">
    <skipped/>
  </testcase> <!-- verifyRestrictionSummary -->
  <system-out/>
  <testcase classname="com.ciranet.boardmembers.testcases.BoardMemberNavigationTest" name="verifyAdditionalInfoMenu" time="0.000">
    <skipped/>
  </testcase> <!-- verifyAdditionalInfoMenu -->
  <system-out/>
  <testcase classname="com.ciranet.boardmembers.testcases.BoardMemberNavigationTest" name="verifyAmenitiesAccessControlMenu" time="0.000">
    <skipped/>
  </testcase> <!-- verifyAmenitiesAccessControlMenu -->
  <system-out/>
  <testcase classname="com.ciranet.boardmembers.testcases.BoardMemberNavigationTest" name="verifyBoardCommitteeMembersMenu" time="0.000">
    <skipped/>
  </testcase> <!-- verifyBoardCommitteeMembersMenu -->
  <system-out/>
  <testcase classname="com.ciranet.boardmembers.testcases.BoardMemberNavigationTest" name="verifyCalendarMenu" time="0.000">
    <skipped/>
  </testcase> <!-- verifyCalendarMenu -->
  <system-out/>
  <testcase classname="com.ciranet.boardmembers.testcases.BoardMemberNavigationTest" name="verifyCommonLotsMenu" time="0.000">
    <skipped/>
  </testcase> <!-- verifyCommonLotsMenu -->
  <system-out/>
  <testcase classname="com.ciranet.boardmembers.testcases.BoardMemberNavigationTest" name="verifyCommunityAssetsMenu" time="0.000">
    <skipped/>
  </testcase> <!-- verifyCommunityAssetsMenu -->
  <system-out/>
  <testcase classname="com.ciranet.boardmembers.testcases.BoardMemberNavigationTest" name="verifyCommunityNotesMenu" time="0.000">
    <skipped/>
  </testcase> <!-- verifyCommunityNotesMenu -->
  <system-out/>
  <testcase classname="com.ciranet.boardmembers.testcases.BoardMemberNavigationTest" name="verifyDocumentsArchiveMenu" time="0.000">
    <skipped/>
  </testcase> <!-- verifyDocumentsArchiveMenu -->
  <system-out/>
  <testcase classname="com.ciranet.boardmembers.testcases.BoardMemberNavigationTest" name="verifyNewDocumentSummaryMenu" time="0.000">
    <skipped/>
  </testcase> <!-- verifyNewDocumentSummaryMenu -->
  <system-out/>
  <testcase classname="com.ciranet.boardmembers.testcases.BoardMemberNavigationTest" name="verifyEnforcementPolicyMenu" time="0.000">
    <skipped/>
  </testcase> <!-- verifyEnforcementPolicyMenu -->
  <system-out/>
  <testcase classname="com.ciranet.boardmembers.testcases.BoardMemberNavigationTest" name="verifyGraphsAndMetricsMenu" time="0.000">
    <skipped/>
  </testcase> <!-- verifyGraphsAndMetricsMenu -->
  <system-out/>
  <testcase classname="com.ciranet.boardmembers.testcases.BoardMemberNavigationTest" name="verifyInfoSummaryMenu" time="0.000">
    <skipped/>
  </testcase> <!-- verifyInfoSummaryMenu -->
  <system-out/>
  <testcase classname="com.ciranet.boardmembers.testcases.BoardMemberNavigationTest" name="verifyInsuranceMenu" time="0.000">
    <skipped/>
  </testcase> <!-- verifyInsuranceMenu -->
  <system-out/>
  <testcase classname="com.ciranet.boardmembers.testcases.BoardMemberNavigationTest" name="verifyLegalSummaryMenu" time="0.000">
    <skipped/>
  </testcase> <!-- verifyLegalSummaryMenu -->
  <system-out/>
  <testcase classname="com.ciranet.boardmembers.testcases.BoardMemberNavigationTest" name="verifyMapMenu" time="0.000">
    <skipped/>
  </testcase> <!-- verifyMapMenu -->
  <system-out/>
  <testcase classname="com.ciranet.boardmembers.testcases.BoardMemberNavigationTest" name="verifyVendorManagementMenu" time="0.000">
    <skipped/>
  </testcase> <!-- verifyVendorManagementMenu -->
  <system-out/>
  <testcase classname="com.ciranet.boardmembers.testcases.BoardMemberNavigationTest" name="verifyPropertiesMenu" time="0.000">
    <skipped/>
  </testcase> <!-- verifyPropertiesMenu -->
  <system-out/>
  <testcase classname="com.ciranet.boardmembers.testcases.BoardMemberNavigationTest" name="verifyResidentDirectoryMenu" time="0.000">
    <skipped/>
  </testcase> <!-- verifyResidentDirectoryMenu -->
  <system-out/>
  <testcase classname="com.ciranet.boardmembers.testcases.BoardMemberNavigationTest" name="verifyMoveInSummaryMenu" time="0.000">
    <skipped/>
  </testcase> <!-- verifyMoveInSummaryMenu -->
  <system-out/>
  <testcase classname="com.ciranet.boardmembers.testcases.BoardMemberNavigationTest" name="verifyOnDemandMenu" time="0.000">
    <skipped/>
  </testcase> <!-- verifyOnDemandMenu -->
  <system-out/>
  <testcase classname="com.ciranet.boardmembers.testcases.BoardMemberNavigationTest" name="verifySummaryPreviousMonthMenu" time="0.000">
    <skipped/>
  </testcase> <!-- verifySummaryPreviousMonthMenu -->
  <system-out/>
  <testcase classname="com.ciranet.boardmembers.testcases.BoardMemberNavigationTest" name="verifyCiraBooksWorkSpace" time="0.000">
    <skipped/>
  </testcase> <!-- verifyCiraBooksWorkSpace -->
  <system-out/>
  <testcase classname="com.ciranet.boardmembers.testcases.BoardMemberNavigationTest" name="verifyCiraBooksMenu" time="0.000">
    <skipped/>
  </testcase> <!-- verifyCiraBooksMenu -->
  <system-out/>
  <testcase classname="com.ciranet.boardmembers.testcases.BoardMemberNavigationTest" name="verifyCiraBooksApLedgerMenu" time="0.000">
    <skipped/>
  </testcase> <!-- verifyCiraBooksApLedgerMenu -->
  <system-out/>
  <testcase classname="com.ciranet.boardmembers.testcases.BoardMemberNavigationTest" name="verifyCiraBooksMySubmittedInvoicesMenu" time="0.000">
    <skipped/>
  </testcase> <!-- verifyCiraBooksMySubmittedInvoicesMenu -->
  <system-out/>
  <testcase classname="com.ciranet.boardmembers.testcases.BoardMemberNavigationTest" name="verifyCiraBooksOpenAPMenu" time="0.001">
    <skipped/>
  </testcase> <!-- verifyCiraBooksOpenAPMenu -->
  <system-out/>
  <testcase classname="com.ciranet.boardmembers.testcases.BoardMemberNavigationTest" name="verifyCiraBooksSearchInvoicesMenu" time="0.001">
    <skipped/>
  </testcase> <!-- verifyCiraBooksSearchInvoicesMenu -->
  <system-out/>
  <testcase classname="com.ciranet.boardmembers.testcases.BoardMemberNavigationTest" name="verifyCiraBooksSubmitInvoiceMenu" time="0.000">
    <skipped/>
  </testcase> <!-- verifyCiraBooksSubmitInvoiceMenu -->
  <system-out/>
  <testcase classname="com.ciranet.boardmembers.testcases.BoardMemberNavigationTest" name="verifyCiraBooksVendorAgingMenu" time="0.000">
    <skipped/>
  </testcase> <!-- verifyCiraBooksVendorAgingMenu -->
  <system-out/>
  <testcase classname="com.ciranet.boardmembers.testcases.BoardMemberNavigationTest" name="verifyCiraBookARsMenu" time="0.000">
    <skipped/>
  </testcase> <!-- verifyCiraBookARsMenu -->
  <system-out/>
  <testcase classname="com.ciranet.boardmembers.testcases.BoardMemberNavigationTest" name="verifyCiraBookARAssessmentRulessMenu" time="0.000">
    <skipped/>
  </testcase> <!-- verifyCiraBookARAssessmentRulessMenu -->
  <system-out/>
  <testcase classname="com.ciranet.boardmembers.testcases.BoardMemberNavigationTest" name="verifyCiraBookARCustomerAgingMenu" time="0.000">
    <skipped/>
  </testcase> <!-- verifyCiraBookARCustomerAgingMenu -->
  <system-out/>
  <testcase classname="com.ciranet.boardmembers.testcases.BoardMemberNavigationTest" name="verifyCiraBookARDelinquencyDetailMenu" time="0.000">
    <skipped/>
  </testcase> <!-- verifyCiraBookARDelinquencyDetailMenu -->
  <system-out/>
  <testcase classname="com.ciranet.boardmembers.testcases.BoardMemberNavigationTest" name="verifyFRActualVsBudget" time="0.000">
    <skipped/>
  </testcase> <!-- verifyFRActualVsBudget -->
  <system-out/>
  <testcase classname="com.ciranet.boardmembers.testcases.BoardMemberNavigationTest" name="verifyBenchmarkReport" time="0.000">
    <skipped/>
  </testcase> <!-- verifyBenchmarkReport -->
  <system-out/>
  <testcase classname="com.ciranet.boardmembers.testcases.BoardMemberNavigationTest" name="verifyFinancialSummary" time="0.000">
    <skipped/>
  </testcase> <!-- verifyFinancialSummary -->
  <system-out/>
  <testcase classname="com.ciranet.boardmembers.testcases.BoardMemberNavigationTest" name="verifyGLReport" time="0.000">
    <skipped/>
  </testcase> <!-- verifyGLReport -->
  <system-out/>
  <testcase classname="com.ciranet.boardmembers.testcases.BoardMemberNavigationTest" name="verifyGLTrialBalance" time="0.000">
    <skipped/>
  </testcase> <!-- verifyGLTrialBalance -->
  <system-out/>
  <testcase classname="com.ciranet.boardmembers.testcases.BoardMemberNavigationTest" name="verifymyWQArchitecturalApplication" time="0.000">
    <skipped/>
  </testcase> <!-- verifymyWQArchitecturalApplication -->
  <system-out/>
  <testcase classname="com.ciranet.boardmembers.testcases.BoardMemberNavigationTest" name="verifymyWQBoardApproval" time="0.000">
    <skipped/>
  </testcase> <!-- verifymyWQBoardApproval -->
  <system-out/>
  <testcase classname="com.ciranet.boardmembers.testcases.BoardMemberNavigationTest" name="verifymyWQMaintenceWorkOrders" time="0.000">
    <skipped/>
  </testcase> <!-- verifymyWQMaintenceWorkOrders -->
  <system-out/>
</testsuite> <!-- com.ciranet.boardmembers.testcases.BoardMemberNavigationTest -->
