<?xml version="1.0" encoding="UTF-8"?>
<!-- Generated by org.testng.reporters.JUnitReportReporter -->
<testsuite hostname="DESKTOP-EMOQPA6" failures="0" tests="152" name="com.ciranet.internaluser.testcases.InternalUserNavigationTest" time="0.011" errors="0" timestamp="2024-11-18T16:45:46 IST" skipped="152">
  <testcase classname="com.ciranet.internaluser.testcases.InternalUserNavigationTest" name="verifycheckAllModulesLinkPageLanding" time="0.000">
    <skipped/>
  </testcase> <!-- verifycheckAllModulesLinkPageLanding -->
  <system-out/>
  <testcase classname="com.ciranet.internaluser.testcases.InternalUserNavigationTest" name="verifyAchievementsURL" time="0.000">
    <skipped/>
  </testcase> <!-- verifyAchievementsURL -->
  <system-out/>
  <testcase classname="com.ciranet.internaluser.testcases.InternalUserNavigationTest" name="verifyCloudDriveURL" time="0.000">
    <skipped/>
  </testcase> <!-- verifyCloudDriveURL -->
  <system-out/>
  <testcase classname="com.ciranet.internaluser.testcases.InternalUserNavigationTest" name="verifyMapofMyCommunitiesURL" time="0.000">
    <skipped/>
  </testcase> <!-- verifyMapofMyCommunitiesURL -->
  <system-out/>
  <testcase classname="com.ciranet.internaluser.testcases.InternalUserNavigationTest" name="verifyMyCommunitiesURL" time="0.000">
    <skipped/>
  </testcase> <!-- verifyMyCommunitiesURL -->
  <system-out/>
  <testcase classname="com.ciranet.internaluser.testcases.InternalUserNavigationTest" name="verifymyTestsURL" time="0.000">
    <skipped/>
  </testcase> <!-- verifymyTestsURL -->
  <system-out/>
  <testcase classname="com.ciranet.internaluser.testcases.InternalUserNavigationTest" name="verifymyTextURL" time="0.000">
    <skipped/>
  </testcase> <!-- verifymyTextURL -->
  <system-out/>
  <testcase classname="com.ciranet.internaluser.testcases.InternalUserNavigationTest" name="verify" time="0.000">
    <skipped/>
  </testcase> <!-- verify -->
  <system-out/>
  <testcase classname="com.ciranet.internaluser.testcases.InternalUserNavigationTest" name="verifybillingQueueManagementPageLanding" time="0.000">
    <skipped/>
  </testcase> <!-- verifybillingQueueManagementPageLanding -->
  <system-out/>
  <testcase classname="com.ciranet.internaluser.testcases.InternalUserNavigationTest" name="verifymyCustomerChargesPageLanding" time="0.000">
    <skipped/>
  </testcase> <!-- verifymyCustomerChargesPageLanding -->
  <system-out/>
  <testcase classname="com.ciranet.internaluser.testcases.InternalUserNavigationTest" name="verifytestPlanConfigurationPageLanding" time="0.000">
    <skipped/>
  </testcase> <!-- verifytestPlanConfigurationPageLanding -->
  <system-out/>
  <testcase classname="com.ciranet.internaluser.testcases.InternalUserNavigationTest" name="verifytestingConfigurationPageLanding" time="0.000">
    <skipped/>
  </testcase> <!-- verifytestingConfigurationPageLanding -->
  <system-out/>
  <testcase classname="com.ciranet.internaluser.testcases.InternalUserNavigationTest" name="verifytimeExpenseManagementPageLanding" time="0.000">
    <skipped/>
  </testcase> <!-- verifytimeExpenseManagementPageLanding -->
  <system-out/>
  <testcase classname="com.ciranet.internaluser.testcases.InternalUserNavigationTest" name="verifytimeandExpenseSubmissionPageLanding" time="0.000">
    <skipped/>
  </testcase> <!-- verifytimeandExpenseSubmissionPageLanding -->
  <system-out/>
  <testcase classname="com.ciranet.internaluser.testcases.InternalUserNavigationTest" name="verifyvendorManagementPageLanding" time="0.000">
    <skipped/>
  </testcase> <!-- verifyvendorManagementPageLanding -->
  <system-out/>
  <testcase classname="com.ciranet.internaluser.testcases.InternalUserNavigationTest" name="ArchitecturalApplication" time="0.000">
    <skipped/>
  </testcase> <!-- ArchitecturalApplication -->
  <system-out/>
  <testcase classname="com.ciranet.internaluser.testcases.InternalUserNavigationTest" name="AutomatedDocumentPrint" time="0.000">
    <skipped/>
  </testcase> <!-- AutomatedDocumentPrint -->
  <system-out/>
  <testcase classname="com.ciranet.internaluser.testcases.InternalUserNavigationTest" name="BoardApprovals" time="0.000">
    <skipped/>
  </testcase> <!-- BoardApprovals -->
  <system-out/>
  <testcase classname="com.ciranet.internaluser.testcases.InternalUserNavigationTest" name="CommonLotsApprisal" time="0.000">
    <skipped/>
  </testcase> <!-- CommonLotsApprisal -->
  <system-out/>
  <testcase classname="com.ciranet.internaluser.testcases.InternalUserNavigationTest" name="FullfillmentQueue" time="0.000">
    <skipped/>
  </testcase> <!-- FullfillmentQueue -->
  <system-out/>
  <testcase classname="com.ciranet.internaluser.testcases.InternalUserNavigationTest" name="MaintenanceWorkOrder" time="0.000">
    <skipped/>
  </testcase> <!-- MaintenanceWorkOrder -->
  <system-out/>
  <testcase classname="com.ciranet.internaluser.testcases.InternalUserNavigationTest" name="ViolationReview" time="0.000">
    <skipped/>
  </testcase> <!-- ViolationReview -->
  <system-out/>
  <testcase classname="com.ciranet.internaluser.testcases.InternalUserNavigationTest" name="AddCommunity" time="0.000">
    <skipped/>
  </testcase> <!-- AddCommunity -->
  <system-out/>
  <testcase classname="com.ciranet.internaluser.testcases.InternalUserNavigationTest" name="OnBoardCheckList" time="0.000">
    <skipped/>
  </testcase> <!-- OnBoardCheckList -->
  <system-out/>
  <testcase classname="com.ciranet.internaluser.testcases.InternalUserNavigationTest" name="OnBoardingFlag" time="0.000">
    <skipped/>
  </testcase> <!-- OnBoardingFlag -->
  <system-out/>
  <testcase classname="com.ciranet.internaluser.testcases.InternalUserNavigationTest" name="ScheduleFirstAssessment" time="0.000">
    <skipped/>
  </testcase> <!-- ScheduleFirstAssessment -->
  <system-out/>
  <testcase classname="com.ciranet.internaluser.testcases.InternalUserNavigationTest" name="ScheduleInitialAssessment" time="0.000">
    <skipped/>
  </testcase> <!-- ScheduleInitialAssessment -->
  <system-out/>
  <testcase classname="com.ciranet.internaluser.testcases.InternalUserNavigationTest" name="ClosingPortalLocationManager" time="0.000">
    <skipped/>
  </testcase> <!-- ClosingPortalLocationManager -->
  <system-out/>
  <testcase classname="com.ciranet.internaluser.testcases.InternalUserNavigationTest" name="ClosingRequests" time="0.001">
    <skipped/>
  </testcase> <!-- ClosingRequests -->
  <system-out/>
  <testcase classname="com.ciranet.internaluser.testcases.InternalUserNavigationTest" name="communityBlocks" time="0.001">
    <skipped/>
  </testcase> <!-- communityBlocks -->
  <system-out/>
  <testcase classname="com.ciranet.internaluser.testcases.InternalUserNavigationTest" name="PropertyConveyances" time="0.000">
    <skipped/>
  </testcase> <!-- PropertyConveyances -->
  <system-out/>
  <testcase classname="com.ciranet.internaluser.testcases.InternalUserNavigationTest" name="verifyInternalTask" time="0.000">
    <skipped/>
  </testcase> <!-- verifyInternalTask -->
  <system-out/>
  <testcase classname="com.ciranet.internaluser.testcases.InternalUserNavigationTest" name="verifyMyWorkInbox" time="0.000">
    <skipped/>
  </testcase> <!-- verifyMyWorkInbox -->
  <system-out/>
  <testcase classname="com.ciranet.internaluser.testcases.InternalUserNavigationTest" name="verifyInvoiceApproval" time="0.000">
    <skipped/>
  </testcase> <!-- verifyInvoiceApproval -->
  <system-out/>
  <testcase classname="com.ciranet.internaluser.testcases.InternalUserNavigationTest" name="verifyMetrics" time="0.001">
    <skipped/>
  </testcase> <!-- verifyMetrics -->
  <system-out/>
  <testcase classname="com.ciranet.internaluser.testcases.InternalUserNavigationTest" name="verifyProcessInvoice" time="0.000">
    <skipped/>
  </testcase> <!-- verifyProcessInvoice -->
  <system-out/>
  <testcase classname="com.ciranet.internaluser.testcases.InternalUserNavigationTest" name="verifyAnnualBudgetPreparation" time="0.000">
    <skipped/>
  </testcase> <!-- verifyAnnualBudgetPreparation -->
  <system-out/>
  <testcase classname="com.ciranet.internaluser.testcases.InternalUserNavigationTest" name="verifyAnnualCouponOrder" time="0.001">
    <skipped/>
  </testcase> <!-- verifyAnnualCouponOrder -->
  <system-out/>
  <testcase classname="com.ciranet.internaluser.testcases.InternalUserNavigationTest" name="verifyAnnualStatementGenerationProcess" time="0.000">
    <skipped/>
  </testcase> <!-- verifyAnnualStatementGenerationProcess -->
  <system-out/>
  <testcase classname="com.ciranet.internaluser.testcases.InternalUserNavigationTest" name="verifyFinancialReportPublishing" time="0.000">
    <skipped/>
  </testcase> <!-- verifyFinancialReportPublishing -->
  <system-out/>
  <testcase classname="com.ciranet.internaluser.testcases.InternalUserNavigationTest" name="verifyManagementReportPublishing" time="0.000">
    <skipped/>
  </testcase> <!-- verifyManagementReportPublishing -->
  <system-out/>
  <testcase classname="com.ciranet.internaluser.testcases.InternalUserNavigationTest" name="verifyProjectTask" time="0.000">
    <skipped/>
  </testcase> <!-- verifyProjectTask -->
  <system-out/>
  <testcase classname="com.ciranet.internaluser.testcases.InternalUserNavigationTest" name="verifyBankReturns" time="0.000">
    <skipped/>
  </testcase> <!-- verifyBankReturns -->
  <system-out/>
  <testcase classname="com.ciranet.internaluser.testcases.InternalUserNavigationTest" name="verifyOrderAnnualCoupon" time="0.000">
    <skipped/>
  </testcase> <!-- verifyOrderAnnualCoupon -->
  <system-out/>
  <testcase classname="com.ciranet.internaluser.testcases.InternalUserNavigationTest" name="verifyPaymentPostError" time="0.000">
    <skipped/>
  </testcase> <!-- verifyPaymentPostError -->
  <system-out/>
  <testcase classname="com.ciranet.internaluser.testcases.InternalUserNavigationTest" name="verifystatementApprovel" time="0.000">
    <skipped/>
  </testcase> <!-- verifystatementApprovel -->
  <system-out/>
  <testcase classname="com.ciranet.internaluser.testcases.InternalUserNavigationTest" name="verifyciraBooksModule" time="0.000">
    <skipped/>
  </testcase> <!-- verifyciraBooksModule -->
  <system-out/>
  <testcase classname="com.ciranet.internaluser.testcases.InternalUserNavigationTest" name="verifyaccountsPayablePageLanding" time="0.000">
    <skipped/>
  </testcase> <!-- verifyaccountsPayablePageLanding -->
  <system-out/>
  <testcase classname="com.ciranet.internaluser.testcases.InternalUserNavigationTest" name="verifyapBillAnalysisPageLanding" time="0.000">
    <skipped/>
  </testcase> <!-- verifyapBillAnalysisPageLanding -->
  <system-out/>
  <testcase classname="com.ciranet.internaluser.testcases.InternalUserNavigationTest" name="verifyapLedgerPageLanding" time="0.000">
    <skipped/>
  </testcase> <!-- verifyapLedgerPageLanding -->
  <system-out/>
  <testcase classname="com.ciranet.internaluser.testcases.InternalUserNavigationTest" name="verifyapUnappliedPaymentsPageLanding" time="0.000">
    <skipped/>
  </testcase> <!-- verifyapUnappliedPaymentsPageLanding -->
  <system-out/>
  <testcase classname="com.ciranet.internaluser.testcases.InternalUserNavigationTest" name="verifycheckPrintingManagementPageLanding" time="0.000">
    <skipped/>
  </testcase> <!-- verifycheckPrintingManagementPageLanding -->
  <system-out/>
  <testcase classname="com.ciranet.internaluser.testcases.InternalUserNavigationTest" name="verifyeftPaymentManagementPageLanding" time="0.000">
    <skipped/>
  </testcase> <!-- verifyeftPaymentManagementPageLanding -->
  <system-out/>
  <testcase classname="com.ciranet.internaluser.testcases.InternalUserNavigationTest" name="verifylocalOfficeOnlyCheckPrintingPageLanding" time="0.000">
    <skipped/>
  </testcase> <!-- verifylocalOfficeOnlyCheckPrintingPageLanding -->
  <system-out/>
  <testcase classname="com.ciranet.internaluser.testcases.InternalUserNavigationTest" name="verifymanageAAPWorkflowVendorEditLanding" time="0.000">
    <skipped/>
  </testcase> <!-- verifymanageAAPWorkflowVendorEditLanding -->
  <system-out/>
  <testcase classname="com.ciranet.internaluser.testcases.InternalUserNavigationTest" name="verifymySubmittedInvoicesPageLanding" time="0.001">
    <skipped/>
  </testcase> <!-- verifymySubmittedInvoicesPageLanding -->
  <system-out/>
  <testcase classname="com.ciranet.internaluser.testcases.InternalUserNavigationTest" name="verifyreimbursementRequestPageLanding" time="0.000">
    <skipped/>
  </testcase> <!-- verifyreimbursementRequestPageLanding -->
  <system-out/>
  <testcase classname="com.ciranet.internaluser.testcases.InternalUserNavigationTest" name="verifysearchInvoicesPageLanding" time="0.000">
    <skipped/>
  </testcase> <!-- verifysearchInvoicesPageLanding -->
  <system-out/>
  <testcase classname="com.ciranet.internaluser.testcases.InternalUserNavigationTest" name="verifysubmitInvoicePageLanding" time="0.000">
    <skipped/>
  </testcase> <!-- verifysubmitInvoicePageLanding -->
  <system-out/>
  <testcase classname="com.ciranet.internaluser.testcases.InternalUserNavigationTest" name="verifyvendor1099PageLanding" time="0.000">
    <skipped/>
  </testcase> <!-- verifyvendor1099PageLanding -->
  <system-out/>
  <testcase classname="com.ciranet.internaluser.testcases.InternalUserNavigationTest" name="verifyvendorAgingPageLanding" time="0.001">
    <skipped/>
  </testcase> <!-- verifyvendorAgingPageLanding -->
  <system-out/>
  <testcase classname="com.ciranet.internaluser.testcases.InternalUserNavigationTest" name="verifyvendorMissingBillsPageLanding" time="0.000">
    <skipped/>
  </testcase> <!-- verifyvendorMissingBillsPageLanding -->
  <system-out/>
  <testcase classname="com.ciranet.internaluser.testcases.InternalUserNavigationTest" name="verifyaccountsReceivablePageLanding" time="0.000">
    <skipped/>
  </testcase> <!-- verifyaccountsReceivablePageLanding -->
  <system-out/>
  <testcase classname="com.ciranet.internaluser.testcases.InternalUserNavigationTest" name="verifyarCollectionPageLanding" time="0.000">
    <skipped/>
  </testcase> <!-- verifyarCollectionPageLanding -->
  <system-out/>
  <testcase classname="com.ciranet.internaluser.testcases.InternalUserNavigationTest" name="verifyarInvoiceAnalysisPageLanding" time="0.000">
    <skipped/>
  </testcase> <!-- verifyarInvoiceAnalysisPageLanding -->
  <system-out/>
  <testcase classname="com.ciranet.internaluser.testcases.InternalUserNavigationTest" name="verifyarLedgerPageLanding" time="0.000">
    <skipped/>
  </testcase> <!-- verifyarLedgerPageLanding -->
  <system-out/>
  <testcase classname="com.ciranet.internaluser.testcases.InternalUserNavigationTest" name="verifyaddPaymentsPageLanding" time="0.000">
    <skipped/>
  </testcase> <!-- verifyaddPaymentsPageLanding -->
  <system-out/>
  <testcase classname="com.ciranet.internaluser.testcases.InternalUserNavigationTest" name="verifycustomerAgingPageLanding" time="0.000">
    <skipped/>
  </testcase> <!-- verifycustomerAgingPageLanding -->
  <system-out/>
  <testcase classname="com.ciranet.internaluser.testcases.InternalUserNavigationTest" name="verifygenerateBuilderStatementsPageLanding" time="0.000">
    <skipped/>
  </testcase> <!-- verifygenerateBuilderStatementsPageLanding -->
  <system-out/>
  <testcase classname="com.ciranet.internaluser.testcases.InternalUserNavigationTest" name="verifylotPaymentAllocationPageLanding" time="0.000">
    <skipped/>
  </testcase> <!-- verifylotPaymentAllocationPageLanding -->
  <system-out/>
  <testcase classname="com.ciranet.internaluser.testcases.InternalUserNavigationTest" name="verifycashManagementPageLanding" time="0.000">
    <skipped/>
  </testcase> <!-- verifycashManagementPageLanding -->
  <system-out/>
  <testcase classname="com.ciranet.internaluser.testcases.InternalUserNavigationTest" name="verifybankReconciliationPageLanding" time="0.000">
    <skipped/>
  </testcase> <!-- verifybankReconciliationPageLanding -->
  <system-out/>
  <testcase classname="com.ciranet.internaluser.testcases.InternalUserNavigationTest" name="verifycmBatchesPageLanding" time="0.000">
    <skipped/>
  </testcase> <!-- verifycmBatchesPageLanding -->
  <system-out/>
  <testcase classname="com.ciranet.internaluser.testcases.InternalUserNavigationTest" name="verifycashReceiptsPageLanding" time="0.000">
    <skipped/>
  </testcase> <!-- verifycashReceiptsPageLanding -->
  <system-out/>
  <testcase classname="com.ciranet.internaluser.testcases.InternalUserNavigationTest" name="verifycreateCashReceiptsPageLanding" time="0.000">
    <skipped/>
  </testcase> <!-- verifycreateCashReceiptsPageLanding -->
  <system-out/>
  <testcase classname="com.ciranet.internaluser.testcases.InternalUserNavigationTest" name="verifydepositsPageLanding" time="0.001">
    <skipped/>
  </testcase> <!-- verifydepositsPageLanding -->
  <system-out/>
  <testcase classname="com.ciranet.internaluser.testcases.InternalUserNavigationTest" name="veriffundsTransferPageLanding" time="0.000">
    <skipped/>
  </testcase> <!-- veriffundsTransferPageLanding -->
  <system-out/>
  <testcase classname="com.ciranet.internaluser.testcases.InternalUserNavigationTest" name="verifylockboxPaymentFilePageLanding" time="0.000">
    <skipped/>
  </testcase> <!-- verifylockboxPaymentFilePageLanding -->
  <system-out/>
  <testcase classname="com.ciranet.internaluser.testcases.InternalUserNavigationTest" name="verifymanageBankStatementsPageLanding" time="0.000">
    <skipped/>
  </testcase> <!-- verifymanageBankStatementsPageLanding -->
  <system-out/>
  <testcase classname="com.ciranet.internaluser.testcases.InternalUserNavigationTest" name="verifyunmatchedTransactionsPageLanding" time="0.000">
    <skipped/>
  </testcase> <!-- verifyunmatchedTransactionsPageLanding -->
  <system-out/>
  <testcase classname="com.ciranet.internaluser.testcases.InternalUserNavigationTest" name="verifyciraBooksEntityPageLanding" time="0.000">
    <skipped/>
  </testcase> <!-- verifyciraBooksEntityPageLanding -->
  <system-out/>
  <testcase classname="com.ciranet.internaluser.testcases.InternalUserNavigationTest" name="verifyconfigurationPageLanding" time="0.000">
    <skipped/>
  </testcase> <!-- verifyconfigurationPageLanding -->
  <system-out/>
  <testcase classname="com.ciranet.internaluser.testcases.InternalUserNavigationTest" name="verifyfinancialReportsPageLanding" time="0.000">
    <skipped/>
  </testcase> <!-- verifyfinancialReportsPageLanding -->
  <system-out/>
  <testcase classname="com.ciranet.internaluser.testcases.InternalUserNavigationTest" name="verifybenchmarkReportPageLanding" time="0.000">
    <skipped/>
  </testcase> <!-- verifybenchmarkReportPageLanding -->
  <system-out/>
  <testcase classname="com.ciranet.internaluser.testcases.InternalUserNavigationTest" name="verifyfinancialSummaryPageLanding" time="0.000">
    <skipped/>
  </testcase> <!-- verifyfinancialSummaryPageLanding -->
  <system-out/>
  <testcase classname="com.ciranet.internaluser.testcases.InternalUserNavigationTest" name="verifygeneralLedgerPageLanding" time="0.000">
    <skipped/>
  </testcase> <!-- verifygeneralLedgerPageLanding -->
  <system-out/>
  <testcase classname="com.ciranet.internaluser.testcases.InternalUserNavigationTest" name="verifygeneralLedgerReportPageLanding" time="0.000">
    <skipped/>
  </testcase> <!-- verifygeneralLedgerReportPageLanding -->
  <system-out/>
  <testcase classname="com.ciranet.internaluser.testcases.InternalUserNavigationTest" name="verifyjournalEntriesPageLanding" time="0.000">
    <skipped/>
  </testcase> <!-- verifyjournalEntriesPageLanding -->
  <system-out/>
  <testcase classname="com.ciranet.internaluser.testcases.InternalUserNavigationTest" name="verifyjournalEntryTemplatesPageLanding" time="0.000">
    <skipped/>
  </testcase> <!-- verifyjournalEntryTemplatesPageLanding -->
  <system-out/>
  <testcase classname="com.ciranet.internaluser.testcases.InternalUserNavigationTest" name="verifyopenCloseBooksPageLanding" time="0.000">
    <skipped/>
  </testcase> <!-- verifyopenCloseBooksPageLanding -->
  <system-out/>
  <testcase classname="com.ciranet.internaluser.testcases.InternalUserNavigationTest" name="verifytrialBalancePageLanding" time="0.000">
    <skipped/>
  </testcase> <!-- verifytrialBalancePageLanding -->
  <system-out/>
  <testcase classname="com.ciranet.internaluser.testcases.InternalUserNavigationTest" name="verifyuploadBudgetsPageLanding" time="0.000">
    <skipped/>
  </testcase> <!-- verifyuploadBudgetsPageLanding -->
  <system-out/>
  <testcase classname="com.ciranet.internaluser.testcases.InternalUserNavigationTest" name="verifyuploadJEsPageLanding" time="0.000">
    <skipped/>
  </testcase> <!-- verifyuploadJEsPageLanding -->
  <system-out/>
  <testcase classname="com.ciranet.internaluser.testcases.InternalUserNavigationTest" name="verifyCorporateCirabook" time="0.000">
    <skipped/>
  </testcase> <!-- verifyCorporateCirabook -->
  <system-out/>
  <testcase classname="com.ciranet.internaluser.testcases.InternalUserNavigationTest" name="verifyAPBatches" time="0.000">
    <skipped/>
  </testcase> <!-- verifyAPBatches -->
  <system-out/>
  <testcase classname="com.ciranet.internaluser.testcases.InternalUserNavigationTest" name="verifyAPBillAnalysis" time="0.000">
    <skipped/>
  </testcase> <!-- verifyAPBillAnalysis -->
  <system-out/>
  <testcase classname="com.ciranet.internaluser.testcases.InternalUserNavigationTest" name="verifyAPLedger" time="0.000">
    <skipped/>
  </testcase> <!-- verifyAPLedger -->
  <system-out/>
  <testcase classname="com.ciranet.internaluser.testcases.InternalUserNavigationTest" name="verifyCCBCheckPrintingManagement" time="0.000">
    <skipped/>
  </testcase> <!-- verifyCCBCheckPrintingManagement -->
  <system-out/>
  <testcase classname="com.ciranet.internaluser.testcases.InternalUserNavigationTest" name="verifyCCBEFTPAymentMAnagement" time="0.000">
    <skipped/>
  </testcase> <!-- verifyCCBEFTPAymentMAnagement -->
  <system-out/>
  <testcase classname="com.ciranet.internaluser.testcases.InternalUserNavigationTest" name="verifyCCBNewAPBill" time="0.000">
    <skipped/>
  </testcase> <!-- verifyCCBNewAPBill -->
  <system-out/>
  <testcase classname="com.ciranet.internaluser.testcases.InternalUserNavigationTest" name="verifySelectBillstoPay" time="0.000">
    <skipped/>
  </testcase> <!-- verifySelectBillstoPay -->
  <system-out/>
  <testcase classname="com.ciranet.internaluser.testcases.InternalUserNavigationTest" name="verifyCCBVendor1099" time="0.000">
    <skipped/>
  </testcase> <!-- verifyCCBVendor1099 -->
  <system-out/>
  <testcase classname="com.ciranet.internaluser.testcases.InternalUserNavigationTest" name="verifyCCBVendorAging" time="0.000">
    <skipped/>
  </testcase> <!-- verifyCCBVendorAging -->
  <system-out/>
  <testcase classname="com.ciranet.internaluser.testcases.InternalUserNavigationTest" name="verifyCCBVendorManagement" time="0.000">
    <skipped/>
  </testcase> <!-- verifyCCBVendorManagement -->
  <system-out/>
  <testcase classname="com.ciranet.internaluser.testcases.InternalUserNavigationTest" name="verifyCCBVendorWorkQueueMAnagement" time="0.000">
    <skipped/>
  </testcase> <!-- verifyCCBVendorWorkQueueMAnagement -->
  <system-out/>
  <testcase classname="com.ciranet.internaluser.testcases.InternalUserNavigationTest" name="verifyCCBARBatches" time="0.000">
    <skipped/>
  </testcase> <!-- verifyCCBARBatches -->
  <system-out/>
  <testcase classname="com.ciranet.internaluser.testcases.InternalUserNavigationTest" name="verifyCCBARInvoiceAnalysis" time="0.000">
    <skipped/>
  </testcase> <!-- verifyCCBARInvoiceAnalysis -->
  <system-out/>
  <testcase classname="com.ciranet.internaluser.testcases.InternalUserNavigationTest" name="verifyCCBARLedger" time="0.000">
    <skipped/>
  </testcase> <!-- verifyCCBARLedger -->
  <system-out/>
  <testcase classname="com.ciranet.internaluser.testcases.InternalUserNavigationTest" name="verifyCCBCustomerAging" time="0.003">
    <skipped/>
  </testcase> <!-- verifyCCBCustomerAging -->
  <system-out/>
  <testcase classname="com.ciranet.internaluser.testcases.InternalUserNavigationTest" name="verifyCCBCustomerManagement" time="0.000">
    <skipped/>
  </testcase> <!-- verifyCCBCustomerManagement -->
  <system-out/>
  <testcase classname="com.ciranet.internaluser.testcases.InternalUserNavigationTest" name="verifyCCBNewARAdjustment" time="0.000">
    <skipped/>
  </testcase> <!-- verifyCCBNewARAdjustment -->
  <system-out/>
  <testcase classname="com.ciranet.internaluser.testcases.InternalUserNavigationTest" name="verifyCCBNewARInvoice" time="0.000">
    <skipped/>
  </testcase> <!-- verifyCCBNewARInvoice -->
  <system-out/>
  <testcase classname="com.ciranet.internaluser.testcases.InternalUserNavigationTest" name="verifyCCBNewARPayment" time="0.000">
    <skipped/>
  </testcase> <!-- verifyCCBNewARPayment -->
  <system-out/>
  <testcase classname="com.ciranet.internaluser.testcases.InternalUserNavigationTest" name="verifyCCBBankAccounts" time="0.000">
    <skipped/>
  </testcase> <!-- verifyCCBBankAccounts -->
  <system-out/>
  <testcase classname="com.ciranet.internaluser.testcases.InternalUserNavigationTest" name="verifyCCBCMBatches" time="0.000">
    <skipped/>
  </testcase> <!-- verifyCCBCMBatches -->
  <system-out/>
  <testcase classname="com.ciranet.internaluser.testcases.InternalUserNavigationTest" name="verifyCCBCashReceipts" time="0.000">
    <skipped/>
  </testcase> <!-- verifyCCBCashReceipts -->
  <system-out/>
  <testcase classname="com.ciranet.internaluser.testcases.InternalUserNavigationTest" name="verifyCCBDeposits" time="0.000">
    <skipped/>
  </testcase> <!-- verifyCCBDeposits -->
  <system-out/>
  <testcase classname="com.ciranet.internaluser.testcases.InternalUserNavigationTest" name="verifyCCBReconcileBankAccount" time="0.000">
    <skipped/>
  </testcase> <!-- verifyCCBReconcileBankAccount -->
  <system-out/>
  <testcase classname="com.ciranet.internaluser.testcases.InternalUserNavigationTest" name="verifyCCBAuditLog" time="0.000">
    <skipped/>
  </testcase> <!-- verifyCCBAuditLog -->
  <system-out/>
  <testcase classname="com.ciranet.internaluser.testcases.InternalUserNavigationTest" name="verifyCCBConfiguration" time="0.000">
    <skipped/>
  </testcase> <!-- verifyCCBConfiguration -->
  <system-out/>
  <testcase classname="com.ciranet.internaluser.testcases.InternalUserNavigationTest" name="verifyCCBBudget" time="0.000">
    <skipped/>
  </testcase> <!-- verifyCCBBudget -->
  <system-out/>
  <testcase classname="com.ciranet.internaluser.testcases.InternalUserNavigationTest" name="verifyCCBGeneralLedgerReports" time="0.000">
    <skipped/>
  </testcase> <!-- verifyCCBGeneralLedgerReports -->
  <system-out/>
  <testcase classname="com.ciranet.internaluser.testcases.InternalUserNavigationTest" name="verifyCCBJournalEntries" time="0.000">
    <skipped/>
  </testcase> <!-- verifyCCBJournalEntries -->
  <system-out/>
  <testcase classname="com.ciranet.internaluser.testcases.InternalUserNavigationTest" name="verifyCCBJournalEntryTemplate" time="0.000">
    <skipped/>
  </testcase> <!-- verifyCCBJournalEntryTemplate -->
  <system-out/>
  <testcase classname="com.ciranet.internaluser.testcases.InternalUserNavigationTest" name="verifyCCBOpenCloseBook" time="0.000">
    <skipped/>
  </testcase> <!-- verifyCCBOpenCloseBook -->
  <system-out/>
  <testcase classname="com.ciranet.internaluser.testcases.InternalUserNavigationTest" name="verifyCCBTrialBalance" time="0.000">
    <skipped/>
  </testcase> <!-- verifyCCBTrialBalance -->
  <system-out/>
  <testcase classname="com.ciranet.internaluser.testcases.InternalUserNavigationTest" name="verifyCCBUploadBudgets" time="0.000">
    <skipped/>
  </testcase> <!-- verifyCCBUploadBudgets -->
  <system-out/>
  <testcase classname="com.ciranet.internaluser.testcases.InternalUserNavigationTest" name="verifyCCBUploadJE" time="0.000">
    <skipped/>
  </testcase> <!-- verifyCCBUploadJE -->
  <system-out/>
  <testcase classname="com.ciranet.internaluser.testcases.InternalUserNavigationTest" name="verifyCCBReports" time="0.001">
    <skipped/>
  </testcase> <!-- verifyCCBReports -->
  <system-out/>
  <testcase classname="com.ciranet.internaluser.testcases.InternalUserNavigationTest" name="verifyCCBBillingItemManagement" time="0.000">
    <skipped/>
  </testcase> <!-- verifyCCBBillingItemManagement -->
  <system-out/>
  <testcase classname="com.ciranet.internaluser.testcases.InternalUserNavigationTest" name="verifyCCBBillingQueueManagement" time="0.000">
    <skipped/>
  </testcase> <!-- verifyCCBBillingQueueManagement -->
  <system-out/>
  <testcase classname="com.ciranet.internaluser.testcases.InternalUserNavigationTest" name="verifyCCBCuctomerContracts" time="0.000">
    <skipped/>
  </testcase> <!-- verifyCCBCuctomerContracts -->
  <system-out/>
  <testcase classname="com.ciranet.internaluser.testcases.InternalUserNavigationTest" name="verifyCCBSetupBillingItemCategory" time="0.000">
    <skipped/>
  </testcase> <!-- verifyCCBSetupBillingItemCategory -->
  <system-out/>
  <testcase classname="com.ciranet.internaluser.testcases.InternalUserNavigationTest" name="verifyCCBbillingRules" time="0.000">
    <skipped/>
  </testcase> <!-- verifyCCBbillingRules -->
  <system-out/>
  <testcase classname="com.ciranet.internaluser.testcases.InternalUserNavigationTest" name="verifyCCBContractForms" time="0.000">
    <skipped/>
  </testcase> <!-- verifyCCBContractForms -->
  <system-out/>
  <testcase classname="com.ciranet.internaluser.testcases.InternalUserNavigationTest" name="verifyCCBCustomerCategory" time="0.000">
    <skipped/>
  </testcase> <!-- verifyCCBCustomerCategory -->
  <system-out/>
  <testcase classname="com.ciranet.internaluser.testcases.InternalUserNavigationTest" name="verifyCCBProductCategory" time="0.000">
    <skipped/>
  </testcase> <!-- verifyCCBProductCategory -->
  <system-out/>
  <testcase classname="com.ciranet.internaluser.testcases.InternalUserNavigationTest" name="verifyCCBProduct" time="0.000">
    <skipped/>
  </testcase> <!-- verifyCCBProduct -->
  <system-out/>
  <testcase classname="com.ciranet.internaluser.testcases.InternalUserNavigationTest" name="verifyCCBSubscription" time="0.000">
    <skipped/>
  </testcase> <!-- verifyCCBSubscription -->
  <system-out/>
  <testcase classname="com.ciranet.internaluser.testcases.InternalUserNavigationTest" name="verifyCCBTimeExpenseManagement" time="0.000">
    <skipped/>
  </testcase> <!-- verifyCCBTimeExpenseManagement -->
  <system-out/>
  <testcase classname="com.ciranet.internaluser.testcases.InternalUserNavigationTest" name="verifyCCBChargeCodeCategory" time="0.000">
    <skipped/>
  </testcase> <!-- verifyCCBChargeCodeCategory -->
  <system-out/>
  <testcase classname="com.ciranet.internaluser.testcases.InternalUserNavigationTest" name="verifyCCBChargeCodes" time="0.000">
    <skipped/>
  </testcase> <!-- verifyCCBChargeCodes -->
  <system-out/>
  <testcase classname="com.ciranet.internaluser.testcases.InternalUserNavigationTest" name="verifyCCBChargeRateCategory" time="0.000">
    <skipped/>
  </testcase> <!-- verifyCCBChargeRateCategory -->
  <system-out/>
  <testcase classname="com.ciranet.internaluser.testcases.InternalUserNavigationTest" name="verifyCCBChargeRates" time="0.000">
    <skipped/>
  </testcase> <!-- verifyCCBChargeRates -->
  <system-out/>
  <testcase classname="com.ciranet.internaluser.testcases.InternalUserNavigationTest" name="verifyAdvancedSearch" time="0.000">
    <skipped/>
  </testcase> <!-- verifyAdvancedSearch -->
  <system-out/>
  <testcase classname="com.ciranet.internaluser.testcases.InternalUserNavigationTest" name="verifyUserDirectory" time="0.000">
    <skipped/>
  </testcase> <!-- verifyUserDirectory -->
  <system-out/>
  <testcase classname="com.ciranet.internaluser.testcases.InternalUserNavigationTest" name="verifyContactUs" time="0.000">
    <skipped/>
  </testcase> <!-- verifyContactUs -->
  <system-out/>
  <testcase classname="com.ciranet.internaluser.testcases.InternalUserNavigationTest" name="verifyCalendar" time="0.000">
    <skipped/>
  </testcase> <!-- verifyCalendar -->
  <system-out/>
  <testcase classname="com.ciranet.internaluser.testcases.InternalUserNavigationTest" name="verifyciramailMenu" time="0.000">
    <skipped/>
  </testcase> <!-- verifyciramailMenu -->
  <system-out/>
  <testcase classname="com.ciranet.internaluser.testcases.InternalUserNavigationTest" name="verifylogcallcreatecasePagelanding" time="0.000">
    <skipped/>
  </testcase> <!-- verifylogcallcreatecasePagelanding -->
  <system-out/>
  <testcase classname="com.ciranet.internaluser.testcases.InternalUserNavigationTest" name="verifytimeandexpensemanagementPageLanding" time="0.000">
    <skipped/>
  </testcase> <!-- verifytimeandexpensemanagementPageLanding -->
  <system-out/>
  <testcase classname="com.ciranet.internaluser.testcases.InternalUserNavigationTest" name="verifyhelpIcon" time="0.000">
    <skipped/>
  </testcase> <!-- verifyhelpIcon -->
  <system-out/>
</testsuite> <!-- com.ciranet.internaluser.testcases.InternalUserNavigationTest -->
