<?xml version="1.0" encoding="UTF-8"?>
<!-- Generated by org.testng.reporters.JUnitReportReporter -->
<testsuite hostname="DESKTOP-EMOQPA6" failures="0" tests="6" name="com.ciranet.community.compliance.testcases.LastInspectionLogPageTest" time="0.006" errors="0" timestamp="2024-11-18T16:45:46 IST" skipped="6">
  <testcase classname="com.ciranet.community.compliance.testcases.LastInspectionLogPageTest" name="verifyLastInspectionLogPage" time="0.001">
    <skipped/>
  </testcase> <!-- verifyLastInspectionLogPage -->
  <system-out/>
  <testcase classname="com.ciranet.community.compliance.testcases.LastInspectionLogPageTest" name="VerifyToolBarFullScreen" time="0.000">
    <skipped/>
  </testcase> <!-- VerifyToolBarFullScreen -->
  <system-out/>
  <testcase classname="com.ciranet.community.compliance.testcases.LastInspectionLogPageTest" name="verifyLastInspectionResultsDetails" time="0.000">
    <skipped/>
  </testcase> <!-- verifyLastInspectionResultsDetails -->
  <system-out/>
  <testcase classname="com.ciranet.community.compliance.testcases.LastInspectionLogPageTest" name="verifyViolationHistory" time="0.000">
    <skipped/>
  </testcase> <!-- verifyViolationHistory -->
  <system-out/>
  <testcase classname="com.ciranet.community.compliance.testcases.LastInspectionLogPageTest" name="verifyHistoryImage" time="0.005">
    <skipped/>
  </testcase> <!-- verifyHistoryImage -->
  <system-out/>
  <testcase classname="com.ciranet.community.compliance.testcases.LastInspectionLogPageTest" name="verifyCloseButtons" time="0.000">
    <skipped/>
  </testcase> <!-- verifyCloseButtons -->
  <system-out/>
</testsuite> <!-- com.ciranet.community.compliance.testcases.LastInspectionLogPageTest -->
