<?xml version="1.0" encoding="UTF-8"?>
<!-- Generated by org.testng.reporters.JUnitReportReporter -->
<testsuite hostname="DESKTOP-EMOQPA6" failures="0" tests="17" name="com.ciranet.myworkqueue.communitymanagement.testcases.FulfillmentQueuePageTest" time="0.001" errors="0" timestamp="2024-11-18T16:45:46 IST" skipped="17">
  <testcase classname="com.ciranet.myworkqueue.communitymanagement.testcases.FulfillmentQueuePageTest" name="verifyFulfillmentQueuePageURL" time="0.000">
    <skipped/>
  </testcase> <!-- verifyFulfillmentQueuePageURL -->
  <system-out/>
  <testcase classname="com.ciranet.myworkqueue.communitymanagement.testcases.FulfillmentQueuePageTest" name="verifyToolbarFullScreenOption" time="0.000">
    <skipped/>
  </testcase> <!-- verifyToolbarFullScreenOption -->
  <system-out/>
  <testcase classname="com.ciranet.myworkqueue.communitymanagement.testcases.FulfillmentQueuePageTest" name="verifyToolbarNormalScreenOption" time="0.000">
    <skipped/>
  </testcase> <!-- verifyToolbarNormalScreenOption -->
  <system-out/>
  <testcase classname="com.ciranet.myworkqueue.communitymanagement.testcases.FulfillmentQueuePageTest" name="verifyExpandOption" time="0.000">
    <skipped/>
  </testcase> <!-- verifyExpandOption -->
  <system-out/>
  <testcase classname="com.ciranet.myworkqueue.communitymanagement.testcases.FulfillmentQueuePageTest" name="verifyColumnChooserOption" time="0.000">
    <skipped/>
  </testcase> <!-- verifyColumnChooserOption -->
  <system-out/>
  <testcase classname="com.ciranet.myworkqueue.communitymanagement.testcases.FulfillmentQueuePageTest" name="verifySwitchtab" time="0.000">
    <skipped/>
  </testcase> <!-- verifySwitchtab -->
  <system-out/>
  <testcase classname="com.ciranet.myworkqueue.communitymanagement.testcases.FulfillmentQueuePageTest" name="verifyactionSaveClick" time="0.000">
    <skipped/>
  </testcase> <!-- verifyactionSaveClick -->
  <system-out/>
  <testcase classname="com.ciranet.myworkqueue.communitymanagement.testcases.FulfillmentQueuePageTest" name="verifyActionCloseButton" time="0.000">
    <skipped/>
  </testcase> <!-- verifyActionCloseButton -->
  <system-out/>
  <testcase classname="com.ciranet.myworkqueue.communitymanagement.testcases.FulfillmentQueuePageTest" name="verifyactionSaveCloseClick" time="0.000">
    <skipped/>
  </testcase> <!-- verifyactionSaveCloseClick -->
  <system-out/>
  <testcase classname="com.ciranet.myworkqueue.communitymanagement.testcases.FulfillmentQueuePageTest" name="verifyrefreshQueuebutton" time="0.001">
    <skipped/>
  </testcase> <!-- verifyrefreshQueuebutton -->
  <system-out/>
  <testcase classname="com.ciranet.myworkqueue.communitymanagement.testcases.FulfillmentQueuePageTest" name="verifyActionDocumenttabclick" time="0.000">
    <skipped/>
  </testcase> <!-- verifyActionDocumenttabclick -->
  <system-out/>
  <testcase classname="com.ciranet.myworkqueue.communitymanagement.testcases.FulfillmentQueuePageTest" name="verifyActionCompletionttabclick" time="0.000">
    <skipped/>
  </testcase> <!-- verifyActionCompletionttabclick -->
  <system-out/>
  <testcase classname="com.ciranet.myworkqueue.communitymanagement.testcases.FulfillmentQueuePageTest" name="verifyAddJobSaveAndCloseButton" time="0.000">
    <skipped/>
  </testcase> <!-- verifyAddJobSaveAndCloseButton -->
  <system-out/>
  <testcase classname="com.ciranet.myworkqueue.communitymanagement.testcases.FulfillmentQueuePageTest" name="verifyAddCompletionJobtab" time="0.000">
    <skipped/>
  </testcase> <!-- verifyAddCompletionJobtab -->
  <system-out/>
  <testcase classname="com.ciranet.myworkqueue.communitymanagement.testcases.FulfillmentQueuePageTest" name="verifyClosedJobsSearchButton" time="0.000">
    <skipped/>
  </testcase> <!-- verifyClosedJobsSearchButton -->
  <system-out/>
  <testcase classname="com.ciranet.myworkqueue.communitymanagement.testcases.FulfillmentQueuePageTest" name="verifyAddCompletedJobbuttonSaveandAddDocuments" time="0.000">
    <skipped/>
  </testcase> <!-- verifyAddCompletedJobbuttonSaveandAddDocuments -->
  <system-out/>
  <testcase classname="com.ciranet.myworkqueue.communitymanagement.testcases.FulfillmentQueuePageTest" name="verifyAddCompletedJobbuttonclick" time="0.000">
    <skipped/>
  </testcase> <!-- verifyAddCompletedJobbuttonclick -->
  <system-out/>
</testsuite> <!-- com.ciranet.myworkqueue.communitymanagement.testcases.FulfillmentQueuePageTest -->
