<?xml version="1.0" encoding="UTF-8"?>
<!-- Generated by org.testng.reporters.JUnitReportReporter -->
<testsuite hostname="DESKTOP-EMOQPA6" failures="0" tests="2" name="com.ciranet.homepage.testcases.HomePageTest" time="0.000" errors="0" timestamp="2024-11-18T16:45:46 IST" skipped="2">
  <testcase classname="com.ciranet.homepage.testcases.HomePageTest" name="verifyHomeOwnerSearch" time="0.000">
    <skipped/>
  </testcase> <!-- verifyHomeOwnerSearch -->
  <system-out/>
  <testcase classname="com.ciranet.homepage.testcases.HomePageTest" name="verifyCommunitySearch" time="0.000">
    <skipped/>
  </testcase> <!-- verifyCommunitySearch -->
  <system-out/>
</testsuite> <!-- com.ciranet.homepage.testcases.HomePageTest -->
