<?xml version="1.0" encoding="UTF-8"?>
<!-- Generated by org.testng.reporters.JUnitReportReporter -->
<testsuite hostname="DESKTOP-EMOQPA6" failures="0" tests="1" name="com.ciranet.forgotpassword.testcases.ForgotPasswordPageTest" time="0.000" errors="0" timestamp="2024-11-18T16:45:46 IST" skipped="1">
  <testcase classname="com.ciranet.forgotpassword.testcases.ForgotPasswordPageTest" name="clickPreferences" time="0.000">
    <skipped/>
  </testcase> <!-- clickPreferences -->
  <system-out/>
</testsuite> <!-- com.ciranet.forgotpassword.testcases.ForgotPasswordPageTest -->
