<?xml version="1.0" encoding="UTF-8"?>
<!-- Generated by org.testng.reporters.JUnitReportReporter -->
<testsuite hostname="DESKTOP-EMOQPA6" failures="0" tests="3" name="com.ciranet.myworkqueue.communitymanagement.testcases.ViolationReviewPageTest" time="0.000" errors="0" timestamp="2024-11-18T16:45:46 IST" skipped="3">
  <testcase classname="com.ciranet.myworkqueue.communitymanagement.testcases.ViolationReviewPageTest" name="verifyViolationReviewURL" time="0.000">
    <skipped/>
  </testcase> <!-- verifyViolationReviewURL -->
  <system-out/>
  <testcase classname="com.ciranet.myworkqueue.communitymanagement.testcases.ViolationReviewPageTest" name="verifyToolbarFullScreenOption" time="0.000">
    <skipped/>
  </testcase> <!-- verifyToolbarFullScreenOption -->
  <system-out/>
  <testcase classname="com.ciranet.myworkqueue.communitymanagement.testcases.ViolationReviewPageTest" name="verifyViolationInspectionHistoryPopup" time="0.000">
    <skipped/>
  </testcase> <!-- verifyViolationInspectionHistoryPopup -->
  <system-out/>
</testsuite> <!-- com.ciranet.myworkqueue.communitymanagement.testcases.ViolationReviewPageTest -->
