<?xml version="1.0" encoding="UTF-8"?>
<!-- Generated by org.testng.reporters.JUnitReportReporter -->
<testsuite hostname="DESKTOP-EMOQPA6" failures="0" tests="4" name="com.ciranet.cirabooks.accountspayable.testcases.APExpenseDetailPageTest" time="0.000" errors="0" timestamp="2024-11-18T16:45:46 IST" skipped="4">
  <testcase classname="com.ciranet.cirabooks.accountspayable.testcases.APExpenseDetailPageTest" name="verifyAPExpenseDetail" time="0.000">
    <skipped/>
  </testcase> <!-- verifyAPExpenseDetail -->
  <system-out/>
  <testcase classname="com.ciranet.cirabooks.accountspayable.testcases.APExpenseDetailPageTest" name="VerifyToolBarFullScreen" time="0.000">
    <skipped/>
  </testcase> <!-- VerifyToolBarFullScreen -->
  <system-out/>
  <testcase classname="com.ciranet.cirabooks.accountspayable.testcases.APExpenseDetailPageTest" name="verifyAmount" time="0.000">
    <skipped/>
  </testcase> <!-- verifyAmount -->
  <system-out/>
  <testcase classname="com.ciranet.cirabooks.accountspayable.testcases.APExpenseDetailPageTest" name="verifyReclassifyButton" time="0.000">
    <skipped/>
  </testcase> <!-- verifyReclassifyButton -->
  <system-out/>
</testsuite> <!-- com.ciranet.cirabooks.accountspayable.testcases.APExpenseDetailPageTest -->
