<?xml version="1.0" encoding="UTF-8"?>
<!-- Generated by org.testng.reporters.JUnitReportReporter -->
<testsuite hostname="DESKTOP-EMOQPA6" failures="0" tests="6" name="com.ciranet.myportfolio.timeandexpense.testcases.TimeandExpensePageTest" time="0.000" errors="0" timestamp="2024-11-18T16:45:46 IST" skipped="6">
  <testcase classname="com.ciranet.myportfolio.timeandexpense.testcases.TimeandExpensePageTest" name="verifyTimeandExpensePageURL" time="0.000">
    <skipped/>
  </testcase> <!-- verifyTimeandExpensePageURL -->
  <system-out/>
  <testcase classname="com.ciranet.myportfolio.timeandexpense.testcases.TimeandExpensePageTest" name="verifyNewTimeEntrySaveButton" time="0.000">
    <skipped/>
  </testcase> <!-- verifyNewTimeEntrySaveButton -->
  <system-out/>
  <testcase classname="com.ciranet.myportfolio.timeandexpense.testcases.TimeandExpensePageTest" name="verifyTabSwitching" time="0.000">
    <skipped/>
  </testcase> <!-- verifyTabSwitching -->
  <system-out/>
  <testcase classname="com.ciranet.myportfolio.timeandexpense.testcases.TimeandExpensePageTest" name="verifySubmitForApprovalCancelButton" time="0.000">
    <skipped/>
  </testcase> <!-- verifySubmitForApprovalCancelButton -->
  <system-out/>
  <testcase classname="com.ciranet.myportfolio.timeandexpense.testcases.TimeandExpensePageTest" name="verifySubmitMileageExpenses" time="0.000">
    <skipped/>
  </testcase> <!-- verifySubmitMileageExpenses -->
  <system-out/>
  <testcase classname="com.ciranet.myportfolio.timeandexpense.testcases.TimeandExpensePageTest" name="verifyMyPlaces" time="0.000">
    <skipped/>
  </testcase> <!-- verifyMyPlaces -->
  <system-out/>
</testsuite> <!-- com.ciranet.myportfolio.timeandexpense.testcases.TimeandExpensePageTest -->
