<?xml version="1.0" encoding="UTF-8"?>
<!-- Generated by org.testng.reporters.JUnitReportReporter -->
<testsuite hostname="DESKTOP-EMOQPA6" failures="0" tests="4" name="com.ciranet.configurations.testcases.ProcessTrackerPageTest" time="0.001" errors="0" timestamp="2024-11-18T16:45:46 IST" skipped="4">
  <testcase classname="com.ciranet.configurations.testcases.ProcessTrackerPageTest" name="verifyConfigProcessTrackerClickPages" time="0.000">
    <skipped/>
  </testcase> <!-- verifyConfigProcessTrackerClickPages -->
  <system-out/>
  <testcase classname="com.ciranet.configurations.testcases.ProcessTrackerPageTest" name="verifyCommunityAutoCloseReportGeneration" time="0.001">
    <skipped/>
  </testcase> <!-- verifyCommunityAutoCloseReportGeneration -->
  <system-out/>
  <testcase classname="com.ciranet.configurations.testcases.ProcessTrackerPageTest" name="verifyFinancialPackageConfiguration" time="0.000">
    <skipped/>
  </testcase> <!-- verifyFinancialPackageConfiguration -->
  <system-out/>
  <testcase classname="com.ciranet.configurations.testcases.ProcessTrackerPageTest" name="verifyProcessTrackerConfiguration" time="0.000">
    <skipped/>
  </testcase> <!-- verifyProcessTrackerConfiguration -->
  <system-out/>
</testsuite> <!-- com.ciranet.configurations.testcases.ProcessTrackerPageTest -->
