<?xml version="1.0" encoding="UTF-8"?>
<!-- Generated by org.testng.reporters.JUnitReportReporter -->
<testsuite hostname="DESKTOP-EMOQPA6" failures="0" tests="7" name="com.ciranet.configurations.testcases.EnforcementPageTest" time="0.000" errors="0" timestamp="2024-11-18T16:45:46 IST" skipped="7">
  <testcase classname="com.ciranet.configurations.testcases.EnforcementPageTest" name="verifyConfigEnforcementClickPages" time="0.000">
    <skipped/>
  </testcase> <!-- verifyConfigEnforcementClickPages -->
  <system-out/>
  <testcase classname="com.ciranet.configurations.testcases.EnforcementPageTest" name="verifyArchitecturalCategories" time="0.000">
    <skipped/>
  </testcase> <!-- verifyArchitecturalCategories -->
  <system-out/>
  <testcase classname="com.ciranet.configurations.testcases.EnforcementPageTest" name="verifyArchitecturalFormsandGuides" time="0.000">
    <skipped/>
  </testcase> <!-- verifyArchitecturalFormsandGuides -->
  <system-out/>
  <testcase classname="com.ciranet.configurations.testcases.EnforcementPageTest" name="verifyViolationCategorySubCategoryConfiguration" time="0.000">
    <skipped/>
  </testcase> <!-- verifyViolationCategorySubCategoryConfiguration -->
  <system-out/>
  <testcase classname="com.ciranet.configurations.testcases.EnforcementPageTest" name="verifyViolationEscalationConfiguration" time="0.000">
    <skipped/>
  </testcase> <!-- verifyViolationEscalationConfiguration -->
  <system-out/>
  <testcase classname="com.ciranet.configurations.testcases.EnforcementPageTest" name="verifyViolationNotificationTemplates" time="0.000">
    <skipped/>
  </testcase> <!-- verifyViolationNotificationTemplates -->
  <system-out/>
  <testcase classname="com.ciranet.configurations.testcases.EnforcementPageTest" name="verifyViolationRestrictionDefinition" time="0.000">
    <skipped/>
  </testcase> <!-- verifyViolationRestrictionDefinition -->
  <system-out/>
</testsuite> <!-- com.ciranet.configurations.testcases.EnforcementPageTest -->
