<?xml version="1.0" encoding="UTF-8"?>
<!-- Generated by org.testng.reporters.JUnitReportReporter -->
<testsuite hostname="DESKTOP-EMOQPA6" failures="0" tests="10" name="com.ciranet.community.dashboard.testcases.QuickLinksPageTest" time="0.000" errors="0" timestamp="2024-11-18T16:45:46 IST" skipped="10">
  <testcase classname="com.ciranet.community.dashboard.testcases.QuickLinksPageTest" name="verifyQuickLinks" time="0.000">
    <skipped/>
  </testcase> <!-- verifyQuickLinks -->
  <system-out/>
  <testcase classname="com.ciranet.community.dashboard.testcases.QuickLinksPageTest" name="clickQuickLinksAddEditProjectTasks" time="0.000">
    <skipped/>
  </testcase> <!-- clickQuickLinksAddEditProjectTasks -->
  <system-out/>
  <testcase classname="com.ciranet.community.dashboard.testcases.QuickLinksPageTest" name="clickQuickLinksAddEditResidentAnnouncements" time="0.000">
    <skipped/>
  </testcase> <!-- clickQuickLinksAddEditResidentAnnouncements -->
  <system-out/>
  <testcase classname="com.ciranet.community.dashboard.testcases.QuickLinksPageTest" name="clickQuickLinksReviewApprovedOpenAP" time="0.000">
    <skipped/>
  </testcase> <!-- clickQuickLinksReviewApprovedOpenAP -->
  <system-out/>
  <testcase classname="com.ciranet.community.dashboard.testcases.QuickLinksPageTest" name="clickQuickLinksReviewOpenWorkOrders" time="0.000">
    <skipped/>
  </testcase> <!-- clickQuickLinksReviewOpenWorkOrders -->
  <system-out/>
  <testcase classname="com.ciranet.community.dashboard.testcases.QuickLinksPageTest" name="clickQuickLinksNewsAndAnnouncements" time="0.000">
    <skipped/>
  </testcase> <!-- clickQuickLinksNewsAndAnnouncements -->
  <system-out/>
  <testcase classname="com.ciranet.community.dashboard.testcases.QuickLinksPageTest" name="clickQuickLinksContactYourRealManageServiceTeam" time="0.000">
    <skipped/>
  </testcase> <!-- clickQuickLinksContactYourRealManageServiceTeam -->
  <system-out/>
  <testcase classname="com.ciranet.community.dashboard.testcases.QuickLinksPageTest" name="clickQuickLinksContactRealManageClientSatisfactionTeam" time="0.000">
    <skipped/>
  </testcase> <!-- clickQuickLinksContactRealManageClientSatisfactionTeam -->
  <system-out/>
  <testcase classname="com.ciranet.community.dashboard.testcases.QuickLinksPageTest" name="clickQuickLinksEvaluateRealManagePerformance" time="0.000">
    <skipped/>
  </testcase> <!-- clickQuickLinksEvaluateRealManagePerformance -->
  <system-out/>
  <testcase classname="com.ciranet.community.dashboard.testcases.QuickLinksPageTest" name="clickQuickLinksSsuggestionOrFeedback" time="0.000">
    <skipped/>
  </testcase> <!-- clickQuickLinksSsuggestionOrFeedback -->
  <system-out/>
</testsuite> <!-- com.ciranet.community.dashboard.testcases.QuickLinksPageTest -->
