<?xml version="1.0" encoding="UTF-8"?>
<!-- Generated by org.testng.reporters.JUnitReportReporter -->
<testsuite hostname="DESKTOP-EMOQPA6" failures="0" tests="4" name="com.ciranet.preferences.testcases.PreferencesPageTest" time="0.000" errors="0" timestamp="2024-11-18T16:45:46 IST" skipped="4">
  <testcase classname="com.ciranet.preferences.testcases.PreferencesPageTest" name="clickPreferences" time="0.000">
    <skipped/>
  </testcase> <!-- clickPreferences -->
  <system-out/>
  <testcase classname="com.ciranet.preferences.testcases.PreferencesPageTest" name="clickMainNavigaionBehaviourDropdownValue" time="0.000">
    <skipped/>
  </testcase> <!-- clickMainNavigaionBehaviourDropdownValue -->
  <system-out/>
  <testcase classname="com.ciranet.preferences.testcases.PreferencesPageTest" name="clickOpenInSameWindowDropdownValue" time="0.000">
    <skipped/>
  </testcase> <!-- clickOpenInSameWindowDropdownValue -->
  <system-out/>
  <testcase classname="com.ciranet.preferences.testcases.PreferencesPageTest" name="clickThemeDropdown" time="0.000">
    <skipped/>
  </testcase> <!-- clickThemeDropdown -->
  <system-out/>
</testsuite> <!-- com.ciranet.preferences.testcases.PreferencesPageTest -->
