<?xml version="1.0" encoding="UTF-8"?>
<!-- Generated by org.testng.reporters.JUnitReportReporter -->
<testsuite hostname="DESKTOP-EMOQPA6" failures="0" tests="8" name="com.ciranet.configurations.testcases.BatchJobEmailsPageTest" time="0.000" errors="0" timestamp="2024-11-18T16:45:46 IST" skipped="8">
  <testcase classname="com.ciranet.configurations.testcases.BatchJobEmailsPageTest" name="verifyConfigurationsMenu" time="0.000">
    <skipped/>
  </testcase> <!-- verifyConfigurationsMenu -->
  <system-out/>
  <testcase classname="com.ciranet.configurations.testcases.BatchJobEmailsPageTest" name="verifyBatchJobEmails" time="0.000">
    <skipped/>
  </testcase> <!-- verifyBatchJobEmails -->
  <system-out/>
  <testcase classname="com.ciranet.configurations.testcases.BatchJobEmailsPageTest" name="verifyNavigateToBatchJobEmails" time="0.000">
    <skipped/>
  </testcase> <!-- verifyNavigateToBatchJobEmails -->
  <system-out/>
  <testcase classname="com.ciranet.configurations.testcases.BatchJobEmailsPageTest" name="verifyFirstDropdown" time="0.000">
    <skipped/>
  </testcase> <!-- verifyFirstDropdown -->
  <system-out/>
  <testcase classname="com.ciranet.configurations.testcases.BatchJobEmailsPageTest" name="verifySelectSecondDropdown" time="0.000">
    <skipped/>
  </testcase> <!-- verifySelectSecondDropdown -->
  <system-out/>
  <testcase classname="com.ciranet.configurations.testcases.BatchJobEmailsPageTest" name="verifySelectThirdDropdown" time="0.000">
    <skipped/>
  </testcase> <!-- verifySelectThirdDropdown -->
  <system-out/>
  <testcase classname="com.ciranet.configurations.testcases.BatchJobEmailsPageTest" name="verifySelectFourthDropdown" time="0.000">
    <skipped/>
  </testcase> <!-- verifySelectFourthDropdown -->
  <system-out/>
  <testcase classname="com.ciranet.configurations.testcases.BatchJobEmailsPageTest" name="verifySelectFifthDropdown" time="0.000">
    <skipped/>
  </testcase> <!-- verifySelectFifthDropdown -->
  <system-out/>
</testsuite> <!-- com.ciranet.configurations.testcases.BatchJobEmailsPageTest -->
