<?xml version="1.0" encoding="UTF-8"?>
<!-- Generated by org.testng.reporters.JUnitReportReporter -->
<testsuite hostname="DESKTOP-EMOQPA6" failures="0" tests="6" name="com.ciranet.cirabooks.cashmanagement.testcases.DepositsPageTest" time="0.000" errors="0" timestamp="2024-11-18T16:45:46 IST" skipped="6">
  <testcase classname="com.ciranet.cirabooks.cashmanagement.testcases.DepositsPageTest" name="verifyDepositsMenu" time="0.000">
    <skipped/>
  </testcase> <!-- verifyDepositsMenu -->
  <system-out/>
  <testcase classname="com.ciranet.cirabooks.cashmanagement.testcases.DepositsPageTest" name="verifyAddDeposits" time="0.000">
    <skipped/>
  </testcase> <!-- verifyAddDeposits -->
  <system-out/>
  <testcase classname="com.ciranet.cirabooks.cashmanagement.testcases.DepositsPageTest" name="VerifycolumnChooserClick" time="0.000">
    <skipped/>
  </testcase> <!-- VerifycolumnChooserClick -->
  <system-out/>
  <testcase classname="com.ciranet.cirabooks.cashmanagement.testcases.DepositsPageTest" name="VerifyToolBarFullScreen" time="0.000">
    <skipped/>
  </testcase> <!-- VerifyToolBarFullScreen -->
  <system-out/>
  <testcase classname="com.ciranet.cirabooks.cashmanagement.testcases.DepositsPageTest" name="verifyExportToExcelDownload" time="0.000">
    <skipped/>
  </testcase> <!-- verifyExportToExcelDownload -->
  <system-out/>
  <testcase classname="com.ciranet.cirabooks.cashmanagement.testcases.DepositsPageTest" name="verifyViewMenu" time="0.000">
    <skipped/>
  </testcase> <!-- verifyViewMenu -->
  <system-out/>
</testsuite> <!-- com.ciranet.cirabooks.cashmanagement.testcases.DepositsPageTest -->
