<?xml version="1.0" encoding="UTF-8"?>
<!-- Generated by org.testng.reporters.JUnitReportReporter -->
<testsuite hostname="DESKTOP-EMOQPA6" failures="0" tests="10" name="com.ciranet.configurations.testcases.ServicesPageTest" time="0.000" errors="0" timestamp="2024-11-18T16:45:47 IST" skipped="10">
  <testcase classname="com.ciranet.configurations.testcases.ServicesPageTest" name="verifyServicesPage" time="0.000">
    <skipped/>
  </testcase> <!-- verifyServicesPage -->
  <system-out/>
  <testcase classname="com.ciranet.configurations.testcases.ServicesPageTest" name="verifyBoardPortal" time="0.000">
    <skipped/>
  </testcase> <!-- verifyBoardPortal -->
  <system-out/>
  <testcase classname="com.ciranet.configurations.testcases.ServicesPageTest" name="verifyBrandingConfiguration" time="0.000">
    <skipped/>
  </testcase> <!-- verifyBrandingConfiguration -->
  <system-out/>
  <testcase classname="com.ciranet.configurations.testcases.ServicesPageTest" name="verifyBussinessHours" time="0.000">
    <skipped/>
  </testcase> <!-- verifyBussinessHours -->
  <system-out/>
  <testcase classname="com.ciranet.configurations.testcases.ServicesPageTest" name="verifyCalendarConfiguration" time="0.000">
    <skipped/>
  </testcase> <!-- verifyCalendarConfiguration -->
  <system-out/>
  <testcase classname="com.ciranet.configurations.testcases.ServicesPageTest" name="verifyMassCommunicationSystemTemplateConfiguration" time="0.000">
    <skipped/>
  </testcase> <!-- verifyMassCommunicationSystemTemplateConfiguration -->
  <system-out/>
  <testcase classname="com.ciranet.configurations.testcases.ServicesPageTest" name="verifyResidentPortal" time="0.000">
    <skipped/>
  </testcase> <!-- verifyResidentPortal -->
  <system-out/>
  <testcase classname="com.ciranet.configurations.testcases.ServicesPageTest" name="verifyServiceGroup" time="0.000">
    <skipped/>
  </testcase> <!-- verifyServiceGroup -->
  <system-out/>
  <testcase classname="com.ciranet.configurations.testcases.ServicesPageTest" name="verifyServiceRole" time="0.000">
    <skipped/>
  </testcase> <!-- verifyServiceRole -->
  <system-out/>
  <testcase classname="com.ciranet.configurations.testcases.ServicesPageTest" name="verifyServices" time="0.000">
    <skipped/>
  </testcase> <!-- verifyServices -->
  <system-out/>
</testsuite> <!-- com.ciranet.configurations.testcases.ServicesPageTest -->
